2025-06-03 21:57:17 0 [Note] Starting MariaDB 10.4.32-MariaDB source revision c4143f909528e3fab0677a28631d10389354c491 as process 4020
2025-06-03 21:57:17 0 [Note] InnoDB: Mutexes and rw_locks use Windows interlocked functions
2025-06-03 21:57:17 0 [Note] InnoDB: Uses event mutexes
2025-06-03 21:57:17 0 [Note] InnoDB: Compressed tables use zlib 1.3
2025-06-03 21:57:17 0 [Note] InnoDB: Number of pools: 1
2025-06-03 21:57:17 0 [Note] InnoDB: Using SSE2 crc32 instructions
2025-06-03 21:57:17 0 [Note] InnoDB: Initializing buffer pool, total size = 16M, instances = 1, chunk size = 16M
2025-06-03 21:57:17 0 [Note] InnoDB: Completed initialization of buffer pool
2025-06-03 21:57:17 0 [Note] InnoDB: Starting crash recovery from checkpoint LSN=300288
2025-06-03 21:57:17 0 [Note] InnoDB: 128 out of 128 rollback segments are active.
2025-06-03 21:57:17 0 [Note] InnoDB: Removed temporary tablespace data file: "ibtmp1"
2025-06-03 21:57:17 0 [Note] InnoDB: Creating shared tablespace for temporary tables
2025-06-03 21:57:17 0 [Note] InnoDB: Setting file 'C:\xampp\mysql\data\ibtmp1' size to 12 MB. Physically writing the file full; Please wait ...
2025-06-03 21:57:17 0 [Note] InnoDB: File 'C:\xampp\mysql\data\ibtmp1' size is now 12 MB.
2025-06-03 21:57:17 0 [Note] InnoDB: Waiting for purge to start
2025-06-03 21:57:17 0 [Note] InnoDB: 10.4.32 started; log sequence number 300297; transaction id 170
2025-06-03 21:57:17 0 [Note] Plugin 'FEEDBACK' is disabled.
2025-06-03 21:57:17 0 [Note] InnoDB: Loading buffer pool(s) from C:\xampp\mysql\data\ib_buffer_pool
2025-06-03 21:57:17 0 [Note] Server socket created on IP: '::'.
2025-06-03 22:21:43 0 [Note] Starting MariaDB 10.4.32-MariaDB source revision c4143f909528e3fab0677a28631d10389354c491 as process 19356
2025-06-03 22:21:43 0 [Note] InnoDB: Mutexes and rw_locks use Windows interlocked functions
2025-06-03 22:21:43 0 [Note] InnoDB: Uses event mutexes
2025-06-03 22:21:43 0 [Note] InnoDB: Compressed tables use zlib 1.3
2025-06-03 22:21:43 0 [Note] InnoDB: Number of pools: 1
2025-06-03 22:21:43 0 [Note] InnoDB: Using SSE2 crc32 instructions
2025-06-03 22:21:43 0 [Note] InnoDB: Initializing buffer pool, total size = 16M, instances = 1, chunk size = 16M
2025-06-03 22:21:43 0 [Note] InnoDB: Completed initialization of buffer pool
2025-06-03 22:21:43 0 [Note] InnoDB: Starting crash recovery from checkpoint LSN=402212
2025-06-03 22:21:43 0 [ERROR] InnoDB: Operating system error number 3 in a file operation.
2025-06-03 22:21:43 0 [ERROR] InnoDB: The error means the system cannot find the path specified.
2025-06-03 22:21:43 0 [ERROR] InnoDB: If you are installing InnoDB, remember that you must create directories yourself, InnoDB does not create them.
2025-06-03 22:21:43 0 [ERROR] InnoDB: Cannot open datafile for read-only: '.\si_akademik2\dosen.ibd' OS error: 203
2025-06-03 22:21:43 0 [ERROR] InnoDB: Operating system error number 203 in a file operation.
2025-06-03 22:21:43 0 [Note] InnoDB: Some operating system error numbers are described at https://mariadb.com/kb/en/library/operating-system-error-codes/
2025-06-03 22:21:43 0 [ERROR] InnoDB: Could not find a valid tablespace file for ``si_akademik2`.`dosen``. Please refer to https://mariadb.com/kb/en/innodb-data-dictionary-troubleshooting/ for how to resolve the issue.
2025-06-03 22:21:43 0 [Warning] InnoDB: Ignoring tablespace for `si_akademik2`.`dosen` because it could not be opened.
2025-06-03 22:21:43 0 [ERROR] InnoDB: Operating system error number 3 in a file operation.
2025-06-03 22:21:43 0 [ERROR] InnoDB: The error means the system cannot find the path specified.
2025-06-03 22:21:43 0 [ERROR] InnoDB: If you are installing InnoDB, remember that you must create directories yourself, InnoDB does not create them.
2025-06-03 22:21:43 0 [ERROR] InnoDB: Cannot open datafile for read-only: '.\si_akademik2\kelas.ibd' OS error: 203
2025-06-03 22:21:43 0 [ERROR] InnoDB: Operating system error number 203 in a file operation.
2025-06-03 22:21:43 0 [Note] InnoDB: Some operating system error numbers are described at https://mariadb.com/kb/en/library/operating-system-error-codes/
2025-06-03 22:21:43 0 [ERROR] InnoDB: Could not find a valid tablespace file for ``si_akademik2`.`kelas``. Please refer to https://mariadb.com/kb/en/innodb-data-dictionary-troubleshooting/ for how to resolve the issue.
2025-06-03 22:21:43 0 [Warning] InnoDB: Ignoring tablespace for `si_akademik2`.`kelas` because it could not be opened.
2025-06-03 22:21:43 0 [ERROR] InnoDB: Operating system error number 3 in a file operation.
2025-06-03 22:21:43 0 [ERROR] InnoDB: The error means the system cannot find the path specified.
2025-06-03 22:21:43 0 [ERROR] InnoDB: If you are installing InnoDB, remember that you must create directories yourself, InnoDB does not create them.
2025-06-03 22:21:43 0 [ERROR] InnoDB: Cannot open datafile for read-only: '.\si_akademik2\mahasiswa.ibd' OS error: 203
2025-06-03 22:21:43 0 [ERROR] InnoDB: Operating system error number 203 in a file operation.
2025-06-03 22:21:43 0 [Note] InnoDB: Some operating system error numbers are described at https://mariadb.com/kb/en/library/operating-system-error-codes/
2025-06-03 22:21:43 0 [ERROR] InnoDB: Could not find a valid tablespace file for ``si_akademik2`.`mahasiswa``. Please refer to https://mariadb.com/kb/en/innodb-data-dictionary-troubleshooting/ for how to resolve the issue.
2025-06-03 22:21:43 0 [Warning] InnoDB: Ignoring tablespace for `si_akademik2`.`mahasiswa` because it could not be opened.
2025-06-03 22:21:43 0 [ERROR] InnoDB: Operating system error number 3 in a file operation.
2025-06-03 22:21:43 0 [ERROR] InnoDB: The error means the system cannot find the path specified.
2025-06-03 22:21:43 0 [ERROR] InnoDB: If you are installing InnoDB, remember that you must create directories yourself, InnoDB does not create them.
2025-06-03 22:21:43 0 [ERROR] InnoDB: Cannot open datafile for read-only: '.\si_akademik2\mata_kuliah.ibd' OS error: 203
2025-06-03 22:21:43 0 [ERROR] InnoDB: Operating system error number 203 in a file operation.
2025-06-03 22:21:43 0 [Note] InnoDB: Some operating system error numbers are described at https://mariadb.com/kb/en/library/operating-system-error-codes/
2025-06-03 22:21:43 0 [ERROR] InnoDB: Could not find a valid tablespace file for ``si_akademik2`.`mata_kuliah``. Please refer to https://mariadb.com/kb/en/innodb-data-dictionary-troubleshooting/ for how to resolve the issue.
2025-06-03 22:21:43 0 [Warning] InnoDB: Ignoring tablespace for `si_akademik2`.`mata_kuliah` because it could not be opened.
2025-06-03 22:21:43 0 [ERROR] InnoDB: Operating system error number 3 in a file operation.
2025-06-03 22:21:43 0 [ERROR] InnoDB: The error means the system cannot find the path specified.
2025-06-03 22:21:43 0 [ERROR] InnoDB: If you are installing InnoDB, remember that you must create directories yourself, InnoDB does not create them.
2025-06-03 22:21:43 0 [ERROR] InnoDB: Cannot open datafile for read-only: '.\si_akademik2\nilai.ibd' OS error: 203
2025-06-03 22:21:43 0 [ERROR] InnoDB: Operating system error number 203 in a file operation.
2025-06-03 22:21:43 0 [Note] InnoDB: Some operating system error numbers are described at https://mariadb.com/kb/en/library/operating-system-error-codes/
2025-06-03 22:21:43 0 [ERROR] InnoDB: Could not find a valid tablespace file for ``si_akademik2`.`nilai``. Please refer to https://mariadb.com/kb/en/innodb-data-dictionary-troubleshooting/ for how to resolve the issue.
2025-06-03 22:21:43 0 [Warning] InnoDB: Ignoring tablespace for `si_akademik2`.`nilai` because it could not be opened.
2025-06-03 22:21:43 0 [Note] InnoDB: 128 out of 128 rollback segments are active.
2025-06-03 22:21:43 0 [Note] InnoDB: Removed temporary tablespace data file: "ibtmp1"
2025-06-03 22:21:43 0 [Note] InnoDB: Creating shared tablespace for temporary tables
2025-06-03 22:21:43 0 [Note] InnoDB: Setting file 'C:\xampp\mysql\data\ibtmp1' size to 12 MB. Physically writing the file full; Please wait ...
2025-06-03 22:21:43 0 [Note] InnoDB: File 'C:\xampp\mysql\data\ibtmp1' size is now 12 MB.
2025-06-03 22:21:43 0 [Note] InnoDB: Waiting for purge to start
2025-06-03 22:21:43 1 [ERROR] InnoDB: Page [page id: space=2, page number=0] log sequence number 3491930 is in the future! Current system log sequence number 402230.
2025-06-03 22:21:43 1 [ERROR] InnoDB: Your database may be corrupt or you may have copied the InnoDB tablespace but not the InnoDB log files. Please refer to https://mariadb.com/kb/en/library/innodb-recovery-modes/ for information about forcing recovery.
2025-06-03 22:21:43 1 [ERROR] InnoDB: Page [page id: space=2, page number=3] log sequence number 3491930 is in the future! Current system log sequence number 402230.
2025-06-03 22:21:43 1 [ERROR] InnoDB: Your database may be corrupt or you may have copied the InnoDB tablespace but not the InnoDB log files. Please refer to https://mariadb.com/kb/en/library/innodb-recovery-modes/ for information about forcing recovery.
2025-06-03 22:21:43 1 [ERROR] InnoDB: Page [page id: space=2, page number=5] log sequence number 3597794 is in the future! Current system log sequence number 402230.
2025-06-03 22:21:43 1 [ERROR] InnoDB: Your database may be corrupt or you may have copied the InnoDB tablespace but not the InnoDB log files. Please refer to https://mariadb.com/kb/en/library/innodb-recovery-modes/ for information about forcing recovery.
2025-06-03 22:21:43 1 [ERROR] InnoDB: Operating system error number 3 in a file operation.
2025-06-03 22:21:43 1 [ERROR] InnoDB: The error means the system cannot find the path specified.
2025-06-03 22:21:43 1 [ERROR] InnoDB: If you are installing InnoDB, remember that you must create directories yourself, InnoDB does not create them.
2025-06-03 22:21:43 1 [ERROR] InnoDB: Cannot open datafile for read-only: '.\si_akademik2\mahasiswa.ibd' OS error: 203
2025-06-03 22:21:43 1 [ERROR] InnoDB: Operating system error number 203 in a file operation.
2025-06-03 22:21:43 1 [Note] InnoDB: Some operating system error numbers are described at https://mariadb.com/kb/en/library/operating-system-error-codes/
2025-06-03 22:21:43 1 [ERROR] InnoDB: Could not find a valid tablespace file for ``si_akademik2`.`mahasiswa``. Please refer to https://mariadb.com/kb/en/innodb-data-dictionary-troubleshooting/ for how to resolve the issue.
2025-06-03 22:21:43 1 [ERROR] InnoDB: Operating system error number 3 in a file operation.
2025-06-03 22:21:43 1 [ERROR] InnoDB: The error means the system cannot find the path specified.
2025-06-03 22:21:43 1 [ERROR] InnoDB: If you are installing InnoDB, remember that you must create directories yourself, InnoDB does not create them.
2025-06-03 22:21:43 1 [ERROR] InnoDB: Cannot open datafile for read-only: '.\si_akademik2\nilai.ibd' OS error: 203
2025-06-03 22:21:43 1 [ERROR] InnoDB: Operating system error number 203 in a file operation.
2025-06-03 22:21:43 1 [Note] InnoDB: Some operating system error numbers are described at https://mariadb.com/kb/en/library/operating-system-error-codes/
2025-06-03 22:21:43 1 [ERROR] InnoDB: Could not find a valid tablespace file for ``si_akademik2`.`nilai``. Please refer to https://mariadb.com/kb/en/innodb-data-dictionary-troubleshooting/ for how to resolve the issue.
2025-06-03 22:21:43 1 [ERROR] InnoDB: Operating system error number 3 in a file operation.
2025-06-03 22:21:43 1 [ERROR] InnoDB: The error means the system cannot find the path specified.
2025-06-03 22:21:43 1 [ERROR] InnoDB: If you are installing InnoDB, remember that you must create directories yourself, InnoDB does not create them.
2025-06-03 22:21:43 1 [ERROR] InnoDB: Cannot open datafile for read-only: '.\si_akademik2\kelas.ibd' OS error: 203
2025-06-03 22:21:43 1 [ERROR] InnoDB: Operating system error number 203 in a file operation.
2025-06-03 22:21:43 1 [Note] InnoDB: Some operating system error numbers are described at https://mariadb.com/kb/en/library/operating-system-error-codes/
2025-06-03 22:21:43 1 [ERROR] InnoDB: Could not find a valid tablespace file for ``si_akademik2`.`kelas``. Please refer to https://mariadb.com/kb/en/innodb-data-dictionary-troubleshooting/ for how to resolve the issue.
2025-06-03 22:21:43 1 [ERROR] InnoDB: Page [page id: space=1, page number=3] log sequence number 3597814 is in the future! Current system log sequence number 402230.
2025-06-03 22:21:43 1 [ERROR] InnoDB: Your database may be corrupt or you may have copied the InnoDB tablespace but not the InnoDB log files. Please refer to https://mariadb.com/kb/en/library/innodb-recovery-modes/ for information about forcing recovery.
2025-06-03 22:21:43 1 [ERROR] InnoDB: Operating system error number 3 in a file operation.
2025-06-03 22:21:43 1 [ERROR] InnoDB: The error means the system cannot find the path specified.
2025-06-03 22:21:43 1 [ERROR] InnoDB: If you are installing InnoDB, remember that you must create directories yourself, InnoDB does not create them.
2025-06-03 22:21:43 1 [ERROR] InnoDB: Cannot open datafile for read-only: '.\si_akademik2\mata_kuliah.ibd' OS error: 203
2025-06-03 22:21:43 1 [ERROR] InnoDB: Operating system error number 203 in a file operation.
2025-06-03 22:21:43 1 [Note] InnoDB: Some operating system error numbers are described at https://mariadb.com/kb/en/library/operating-system-error-codes/
2025-06-03 22:21:43 1 [ERROR] InnoDB: Could not find a valid tablespace file for ``si_akademik2`.`mata_kuliah``. Please refer to https://mariadb.com/kb/en/innodb-data-dictionary-troubleshooting/ for how to resolve the issue.
2025-06-03 22:21:43 1 [ERROR] InnoDB: Operating system error number 3 in a file operation.
2025-06-03 22:21:43 1 [ERROR] InnoDB: The error means the system cannot find the path specified.
2025-06-03 22:21:43 1 [ERROR] InnoDB: If you are installing InnoDB, remember that you must create directories yourself, InnoDB does not create them.
2025-06-03 22:21:43 1 [ERROR] InnoDB: Cannot open datafile for read-only: '.\si_akademik2\dosen.ibd' OS error: 203
2025-06-03 22:21:43 1 [ERROR] InnoDB: Operating system error number 203 in a file operation.
2025-06-03 22:21:43 1 [Note] InnoDB: Some operating system error numbers are described at https://mariadb.com/kb/en/library/operating-system-error-codes/
2025-06-03 22:21:43 1 [ERROR] InnoDB: Could not find a valid tablespace file for ``si_akademik2`.`dosen``. Please refer to https://mariadb.com/kb/en/innodb-data-dictionary-troubleshooting/ for how to resolve the issue.
2025-06-03 22:21:43 0 [Note] InnoDB: 10.4.32 started; log sequence number 402221; transaction id 290
2025-06-03 22:21:43 0 [Note] InnoDB: Loading buffer pool(s) from C:\xampp\mysql\data\ib_buffer_pool
2025-06-03 22:21:43 0 [Note] Plugin 'FEEDBACK' is disabled.
2025-06-03 22:21:43 0 [ERROR] InnoDB: Page [page id: space=2, page number=2] log sequence number 2312447 is in the future! Current system log sequence number 402230.
2025-06-03 22:21:43 0 [ERROR] InnoDB: Your database may be corrupt or you may have copied the InnoDB tablespace but not the InnoDB log files. Please refer to https://mariadb.com/kb/en/library/innodb-recovery-modes/ for information about forcing recovery.
2025-06-03 22:21:43 0 [Note] Server socket created on IP: '::'.
2025-06-03 22:21:45 0 [Note] Starting MariaDB 10.4.32-MariaDB source revision c4143f909528e3fab0677a28631d10389354c491 as process 1552
2025-06-03 22:21:45 0 [Note] InnoDB: Mutexes and rw_locks use Windows interlocked functions
2025-06-03 22:21:45 0 [Note] InnoDB: Uses event mutexes
2025-06-03 22:21:45 0 [Note] InnoDB: Compressed tables use zlib 1.3
2025-06-03 22:21:45 0 [Note] InnoDB: Number of pools: 1
2025-06-03 22:21:45 0 [Note] InnoDB: Using SSE2 crc32 instructions
2025-06-03 22:21:45 0 [Note] InnoDB: Initializing buffer pool, total size = 16M, instances = 1, chunk size = 16M
2025-06-03 22:21:45 0 [Note] InnoDB: Completed initialization of buffer pool
2025-06-03 22:21:46 0 [ERROR] InnoDB: Operating system error number 3 in a file operation.
2025-06-03 22:21:46 0 [ERROR] InnoDB: The error means the system cannot find the path specified.
2025-06-03 22:21:46 0 [ERROR] InnoDB: If you are installing InnoDB, remember that you must create directories yourself, InnoDB does not create them.
2025-06-03 22:21:46 0 [ERROR] InnoDB: Cannot open datafile for read-only: '.\si_akademik2\dosen.ibd' OS error: 203
2025-06-03 22:21:46 0 [ERROR] InnoDB: Operating system error number 203 in a file operation.
2025-06-03 22:21:46 0 [Note] InnoDB: Some operating system error numbers are described at https://mariadb.com/kb/en/library/operating-system-error-codes/
2025-06-03 22:21:46 0 [ERROR] InnoDB: Could not find a valid tablespace file for ``si_akademik2`.`dosen``. Please refer to https://mariadb.com/kb/en/innodb-data-dictionary-troubleshooting/ for how to resolve the issue.
2025-06-03 22:21:46 0 [Warning] InnoDB: Ignoring tablespace for `si_akademik2`.`dosen` because it could not be opened.
2025-06-03 22:21:46 0 [ERROR] InnoDB: Operating system error number 3 in a file operation.
2025-06-03 22:21:46 0 [ERROR] InnoDB: The error means the system cannot find the path specified.
2025-06-03 22:21:46 0 [ERROR] InnoDB: If you are installing InnoDB, remember that you must create directories yourself, InnoDB does not create them.
2025-06-03 22:21:46 0 [ERROR] InnoDB: Cannot open datafile for read-only: '.\si_akademik2\kelas.ibd' OS error: 203
2025-06-03 22:21:46 0 [ERROR] InnoDB: Operating system error number 203 in a file operation.
2025-06-03 22:21:46 0 [Note] InnoDB: Some operating system error numbers are described at https://mariadb.com/kb/en/library/operating-system-error-codes/
2025-06-03 22:21:46 0 [ERROR] InnoDB: Could not find a valid tablespace file for ``si_akademik2`.`kelas``. Please refer to https://mariadb.com/kb/en/innodb-data-dictionary-troubleshooting/ for how to resolve the issue.
2025-06-03 22:21:46 0 [Warning] InnoDB: Ignoring tablespace for `si_akademik2`.`kelas` because it could not be opened.
2025-06-03 22:21:46 0 [ERROR] InnoDB: Operating system error number 3 in a file operation.
2025-06-03 22:21:46 0 [ERROR] InnoDB: The error means the system cannot find the path specified.
2025-06-03 22:21:46 0 [ERROR] InnoDB: If you are installing InnoDB, remember that you must create directories yourself, InnoDB does not create them.
2025-06-03 22:21:46 0 [ERROR] InnoDB: Cannot open datafile for read-only: '.\si_akademik2\mahasiswa.ibd' OS error: 203
2025-06-03 22:21:46 0 [ERROR] InnoDB: Operating system error number 203 in a file operation.
2025-06-03 22:21:46 0 [Note] InnoDB: Some operating system error numbers are described at https://mariadb.com/kb/en/library/operating-system-error-codes/
2025-06-03 22:21:46 0 [ERROR] InnoDB: Could not find a valid tablespace file for ``si_akademik2`.`mahasiswa``. Please refer to https://mariadb.com/kb/en/innodb-data-dictionary-troubleshooting/ for how to resolve the issue.
2025-06-03 22:21:46 0 [Warning] InnoDB: Ignoring tablespace for `si_akademik2`.`mahasiswa` because it could not be opened.
2025-06-03 22:21:46 0 [ERROR] InnoDB: Operating system error number 3 in a file operation.
2025-06-03 22:21:46 0 [ERROR] InnoDB: The error means the system cannot find the path specified.
2025-06-03 22:21:46 0 [ERROR] InnoDB: If you are installing InnoDB, remember that you must create directories yourself, InnoDB does not create them.
2025-06-03 22:21:46 0 [ERROR] InnoDB: Cannot open datafile for read-only: '.\si_akademik2\mata_kuliah.ibd' OS error: 203
2025-06-03 22:21:46 0 [ERROR] InnoDB: Operating system error number 203 in a file operation.
2025-06-03 22:21:46 0 [Note] InnoDB: Some operating system error numbers are described at https://mariadb.com/kb/en/library/operating-system-error-codes/
2025-06-03 22:21:46 0 [ERROR] InnoDB: Could not find a valid tablespace file for ``si_akademik2`.`mata_kuliah``. Please refer to https://mariadb.com/kb/en/innodb-data-dictionary-troubleshooting/ for how to resolve the issue.
2025-06-03 22:21:46 0 [Warning] InnoDB: Ignoring tablespace for `si_akademik2`.`mata_kuliah` because it could not be opened.
2025-06-03 22:21:46 0 [ERROR] InnoDB: Operating system error number 3 in a file operation.
2025-06-03 22:21:46 0 [ERROR] InnoDB: The error means the system cannot find the path specified.
2025-06-03 22:21:46 0 [ERROR] InnoDB: If you are installing InnoDB, remember that you must create directories yourself, InnoDB does not create them.
2025-06-03 22:21:46 0 [ERROR] InnoDB: Cannot open datafile for read-only: '.\si_akademik2\nilai.ibd' OS error: 203
2025-06-03 22:21:46 0 [ERROR] InnoDB: Operating system error number 203 in a file operation.
2025-06-03 22:21:46 0 [Note] InnoDB: Some operating system error numbers are described at https://mariadb.com/kb/en/library/operating-system-error-codes/
2025-06-03 22:21:46 0 [ERROR] InnoDB: Could not find a valid tablespace file for ``si_akademik2`.`nilai``. Please refer to https://mariadb.com/kb/en/innodb-data-dictionary-troubleshooting/ for how to resolve the issue.
2025-06-03 22:21:46 0 [Warning] InnoDB: Ignoring tablespace for `si_akademik2`.`nilai` because it could not be opened.
2025-06-03 22:21:46 0 [Note] InnoDB: 128 out of 128 rollback segments are active.
2025-06-03 22:21:46 0 [Note] InnoDB: Creating shared tablespace for temporary tables
2025-06-03 22:21:46 0 [Note] InnoDB: Setting file 'C:\xampp\mysql\data\ibtmp1' size to 12 MB. Physically writing the file full; Please wait ...
2025-06-03 22:21:46 0 [Note] InnoDB: File 'C:\xampp\mysql\data\ibtmp1' size is now 12 MB.
2025-06-03 22:21:46 0 [Note] InnoDB: Waiting for purge to start
2025-06-03 22:21:46 3 [ERROR] InnoDB: Operating system error number 3 in a file operation.
2025-06-03 22:21:46 3 [ERROR] InnoDB: The error means the system cannot find the path specified.
2025-06-03 22:21:46 3 [ERROR] InnoDB: If you are installing InnoDB, remember that you must create directories yourself, InnoDB does not create them.
2025-06-03 22:21:46 3 [ERROR] InnoDB: Cannot open datafile for read-only: '.\si_akademik2\nilai.ibd' OS error: 203
2025-06-03 22:21:46 3 [ERROR] InnoDB: Operating system error number 203 in a file operation.
2025-06-03 22:21:46 3 [Note] InnoDB: Some operating system error numbers are described at https://mariadb.com/kb/en/library/operating-system-error-codes/
2025-06-03 22:21:46 3 [ERROR] InnoDB: Could not find a valid tablespace file for ``si_akademik2`.`nilai``. Please refer to https://mariadb.com/kb/en/innodb-data-dictionary-troubleshooting/ for how to resolve the issue.
2025-06-03 22:21:46 2 [ERROR] InnoDB: Operating system error number 3 in a file operation.
2025-06-03 22:21:46 2 [ERROR] InnoDB: The error means the system cannot find the path specified.
2025-06-03 22:21:46 2 [ERROR] InnoDB: If you are installing InnoDB, remember that you must create directories yourself, InnoDB does not create them.
2025-06-03 22:21:46 2 [ERROR] InnoDB: Cannot open datafile for read-only: '.\si_akademik2\mahasiswa.ibd' OS error: 203
2025-06-03 22:21:46 2 [ERROR] InnoDB: Operating system error number 203 in a file operation.
2025-06-03 22:21:46 2 [Note] InnoDB: Some operating system error numbers are described at https://mariadb.com/kb/en/library/operating-system-error-codes/
2025-06-03 22:21:46 2 [ERROR] InnoDB: Could not find a valid tablespace file for ``si_akademik2`.`mahasiswa``. Please refer to https://mariadb.com/kb/en/innodb-data-dictionary-troubleshooting/ for how to resolve the issue.
2025-06-03 22:21:46 1 [ERROR] InnoDB: Page [page id: space=2, page number=0] log sequence number 3491930 is in the future! Current system log sequence number 402239.
2025-06-03 22:21:46 1 [ERROR] InnoDB: Your database may be corrupt or you may have copied the InnoDB tablespace but not the InnoDB log files. Please refer to https://mariadb.com/kb/en/library/innodb-recovery-modes/ for information about forcing recovery.
2025-06-03 22:21:46 1 [ERROR] InnoDB: Page [page id: space=2, page number=3] log sequence number 3491930 is in the future! Current system log sequence number 402239.
2025-06-03 22:21:46 1 [ERROR] InnoDB: Your database may be corrupt or you may have copied the InnoDB tablespace but not the InnoDB log files. Please refer to https://mariadb.com/kb/en/library/innodb-recovery-modes/ for information about forcing recovery.
2025-06-03 22:21:46 3 [ERROR] InnoDB: Page [page id: space=2, page number=5] log sequence number 3597794 is in the future! Current system log sequence number 402239.
2025-06-03 22:21:46 3 [ERROR] InnoDB: Your database may be corrupt or you may have copied the InnoDB tablespace but not the InnoDB log files. Please refer to https://mariadb.com/kb/en/library/innodb-recovery-modes/ for information about forcing recovery.
2025-06-03 22:21:46 3 [ERROR] InnoDB: Page [page id: space=1, page number=3] log sequence number 3597814 is in the future! Current system log sequence number 402239.
2025-06-03 22:21:46 3 [ERROR] InnoDB: Your database may be corrupt or you may have copied the InnoDB tablespace but not the InnoDB log files. Please refer to https://mariadb.com/kb/en/library/innodb-recovery-modes/ for information about forcing recovery.
2025-06-03 22:21:46 3 [ERROR] InnoDB: Operating system error number 3 in a file operation.
2025-06-03 22:21:46 3 [ERROR] InnoDB: The error means the system cannot find the path specified.
2025-06-03 22:21:46 3 [ERROR] InnoDB: If you are installing InnoDB, remember that you must create directories yourself, InnoDB does not create them.
2025-06-03 22:21:46 3 [ERROR] InnoDB: Cannot open datafile for read-only: '.\si_akademik2\kelas.ibd' OS error: 203
2025-06-03 22:21:46 3 [ERROR] InnoDB: Operating system error number 203 in a file operation.
2025-06-03 22:21:46 3 [Note] InnoDB: Some operating system error numbers are described at https://mariadb.com/kb/en/library/operating-system-error-codes/
2025-06-03 22:21:46 3 [ERROR] InnoDB: Could not find a valid tablespace file for ``si_akademik2`.`kelas``. Please refer to https://mariadb.com/kb/en/innodb-data-dictionary-troubleshooting/ for how to resolve the issue.
2025-06-03 22:21:46 3 [ERROR] InnoDB: Operating system error number 3 in a file operation.
2025-06-03 22:21:46 3 [ERROR] InnoDB: The error means the system cannot find the path specified.
2025-06-03 22:21:46 3 [ERROR] InnoDB: If you are installing InnoDB, remember that you must create directories yourself, InnoDB does not create them.
2025-06-03 22:21:46 3 [ERROR] InnoDB: Cannot open datafile for read-only: '.\si_akademik2\mata_kuliah.ibd' OS error: 203
2025-06-03 22:21:46 3 [ERROR] InnoDB: Operating system error number 203 in a file operation.
2025-06-03 22:21:46 3 [Note] InnoDB: Some operating system error numbers are described at https://mariadb.com/kb/en/library/operating-system-error-codes/
2025-06-03 22:21:46 3 [ERROR] InnoDB: Could not find a valid tablespace file for ``si_akademik2`.`mata_kuliah``. Please refer to https://mariadb.com/kb/en/innodb-data-dictionary-troubleshooting/ for how to resolve the issue.
2025-06-03 22:21:46 3 [ERROR] InnoDB: Operating system error number 3 in a file operation.
2025-06-03 22:21:46 3 [ERROR] InnoDB: The error means the system cannot find the path specified.
2025-06-03 22:21:46 3 [ERROR] InnoDB: If you are installing InnoDB, remember that you must create directories yourself, InnoDB does not create them.
2025-06-03 22:21:46 3 [ERROR] InnoDB: Cannot open datafile for read-only: '.\si_akademik2\dosen.ibd' OS error: 203
2025-06-03 22:21:46 3 [ERROR] InnoDB: Operating system error number 203 in a file operation.
2025-06-03 22:21:46 3 [Note] InnoDB: Some operating system error numbers are described at https://mariadb.com/kb/en/library/operating-system-error-codes/
2025-06-03 22:21:46 3 [ERROR] InnoDB: Could not find a valid tablespace file for ``si_akademik2`.`dosen``. Please refer to https://mariadb.com/kb/en/innodb-data-dictionary-troubleshooting/ for how to resolve the issue.
2025-06-03 22:21:46 0 [Note] InnoDB: 10.4.32 started; log sequence number 402230; transaction id 290
2025-06-03 22:21:46 0 [Note] InnoDB: Loading buffer pool(s) from C:\xampp\mysql\data\ib_buffer_pool
2025-06-03 22:21:46 0 [Note] Plugin 'FEEDBACK' is disabled.
2025-06-03 22:21:46 0 [ERROR] InnoDB: Page [page id: space=2, page number=2] log sequence number 2312447 is in the future! Current system log sequence number 402239.
2025-06-03 22:21:46 0 [ERROR] InnoDB: Your database may be corrupt or you may have copied the InnoDB tablespace but not the InnoDB log files. Please refer to https://mariadb.com/kb/en/library/innodb-recovery-modes/ for information about forcing recovery.
2025-06-03 22:21:46 0 [Note] Server socket created on IP: '::'.
