2025-03-14  0:45:51 0 [Note] Starting MariaDB 10.4.32-MariaDB source revision c4143f909528e3fab0677a28631d10389354c491 as process 3440
2025-03-14  0:45:51 0 [Note] InnoDB: Mutexes and rw_locks use Windows interlocked functions
2025-03-14  0:45:51 0 [Note] InnoDB: Uses event mutexes
2025-03-14  0:45:51 0 [Note] InnoDB: Compressed tables use zlib 1.3
2025-03-14  0:45:51 0 [Note] InnoDB: Number of pools: 1
2025-03-14  0:45:51 0 [Note] InnoDB: Using SSE2 crc32 instructions
2025-03-14  0:45:51 0 [Note] InnoDB: Initializing buffer pool, total size = 16M, instances = 1, chunk size = 16M
2025-03-14  0:45:51 0 [Note] InnoDB: Completed initialization of buffer pool
2025-03-14  0:45:51 0 [Note] InnoDB: Starting crash recovery from checkpoint LSN=300288
2025-03-14  0:45:51 0 [Note] InnoDB: 128 out of 128 rollback segments are active.
2025-03-14  0:45:51 0 [Note] InnoDB: Removed temporary tablespace data file: "ibtmp1"
2025-03-14  0:45:51 0 [Note] InnoDB: Creating shared tablespace for temporary tables
2025-03-14  0:45:51 0 [Note] InnoDB: Setting file 'C:\xampp\mysql\data\ibtmp1' size to 12 MB. Physically writing the file full; Please wait ...
2025-03-14  0:45:51 0 [Note] InnoDB: File 'C:\xampp\mysql\data\ibtmp1' size is now 12 MB.
2025-03-14  0:45:51 0 [Note] InnoDB: Waiting for purge to start
2025-03-14  0:45:51 0 [Note] InnoDB: 10.4.32 started; log sequence number 300297; transaction id 170
2025-03-14  0:45:51 0 [Note] InnoDB: Loading buffer pool(s) from C:\xampp\mysql\data\ib_buffer_pool
2025-03-14  0:45:51 0 [Note] Plugin 'FEEDBACK' is disabled.
2025-03-14  0:45:51 0 [Note] Server socket created on IP: '::'.
2025-03-14  0:45:51 0 [ERROR] Can't start server: Bind on TCP/IP port. Got error: 10048: Only one usage of each socket address (protocol/network address/port) is normally permitted.

2025-03-14  0:45:51 0 [ERROR] Do you already have another mysqld server running on port: 3306 ?
2025-03-14  0:45:51 0 [ERROR] Aborting
2025-03-14  0:50:42 0 [Note] Starting MariaDB 10.4.32-MariaDB source revision c4143f909528e3fab0677a28631d10389354c491 as process 2672
2025-03-14  0:50:42 0 [Note] InnoDB: Mutexes and rw_locks use Windows interlocked functions
2025-03-14  0:50:42 0 [Note] InnoDB: Uses event mutexes
2025-03-14  0:50:42 0 [Note] InnoDB: Compressed tables use zlib 1.3
2025-03-14  0:50:42 0 [Note] InnoDB: Number of pools: 1
2025-03-14  0:50:42 0 [Note] InnoDB: Using SSE2 crc32 instructions
2025-03-14  0:50:42 0 [Note] InnoDB: Initializing buffer pool, total size = 16M, instances = 1, chunk size = 16M
2025-03-14  0:50:42 0 [Note] InnoDB: Completed initialization of buffer pool
2025-03-14  0:50:42 0 [Note] InnoDB: 128 out of 128 rollback segments are active.
2025-03-14  0:50:42 0 [Note] InnoDB: Creating shared tablespace for temporary tables
2025-03-14  0:50:42 0 [Note] InnoDB: Setting file 'C:\xampp\mysql\data\ibtmp1' size to 12 MB. Physically writing the file full; Please wait ...
2025-03-14  0:50:42 0 [Note] InnoDB: File 'C:\xampp\mysql\data\ibtmp1' size is now 12 MB.
2025-03-14  0:50:42 0 [Note] InnoDB: Waiting for purge to start
2025-03-14  0:50:42 0 [Note] InnoDB: 10.4.32 started; log sequence number 300306; transaction id 170
2025-03-14  0:50:42 0 [Note] InnoDB: Loading buffer pool(s) from C:\xampp\mysql\data\ib_buffer_pool
2025-03-14  0:50:42 0 [Note] Plugin 'FEEDBACK' is disabled.
2025-03-14  0:50:42 0 [Note] Server socket created on IP: '::'.
2025-03-14  0:54:54 0 [Note] Starting MariaDB 10.4.32-MariaDB source revision c4143f909528e3fab0677a28631d10389354c491 as process 16312
2025-03-14  0:54:54 0 [Note] InnoDB: Mutexes and rw_locks use Windows interlocked functions
2025-03-14  0:54:54 0 [Note] InnoDB: Uses event mutexes
2025-03-14  0:54:54 0 [Note] InnoDB: Compressed tables use zlib 1.3
2025-03-14  0:54:54 0 [Note] InnoDB: Number of pools: 1
2025-03-14  0:54:54 0 [Note] InnoDB: Using SSE2 crc32 instructions
2025-03-14  0:54:54 0 [Note] InnoDB: Initializing buffer pool, total size = 16M, instances = 1, chunk size = 16M
2025-03-14  0:54:54 0 [Note] InnoDB: Completed initialization of buffer pool
2025-03-14  0:54:54 0 [Note] InnoDB: Starting crash recovery from checkpoint LSN=300306
2025-03-14  0:54:54 0 [Note] InnoDB: 128 out of 128 rollback segments are active.
2025-03-14  0:54:54 0 [Note] InnoDB: Removed temporary tablespace data file: "ibtmp1"
2025-03-14  0:54:54 0 [Note] InnoDB: Creating shared tablespace for temporary tables
2025-03-14  0:54:54 0 [Note] InnoDB: Setting file 'C:\xampp\mysql\data\ibtmp1' size to 12 MB. Physically writing the file full; Please wait ...
2025-03-14  0:54:54 0 [Note] InnoDB: File 'C:\xampp\mysql\data\ibtmp1' size is now 12 MB.
2025-03-14  0:54:54 0 [Note] InnoDB: Waiting for purge to start
2025-03-14  0:54:54 0 [Note] InnoDB: 10.4.32 started; log sequence number 300315; transaction id 170
2025-03-14  0:54:54 0 [Note] InnoDB: Loading buffer pool(s) from C:\xampp\mysql\data\ib_buffer_pool
2025-03-14  0:54:54 0 [Note] Plugin 'FEEDBACK' is disabled.
2025-03-14  0:54:54 0 [Note] Server socket created on IP: '::'.
2025-03-14  1:26:56 0 [Note] Starting MariaDB 10.4.32-MariaDB source revision c4143f909528e3fab0677a28631d10389354c491 as process 13508
2025-03-14  1:26:56 0 [Note] InnoDB: Mutexes and rw_locks use Windows interlocked functions
2025-03-14  1:26:56 0 [Note] InnoDB: Uses event mutexes
2025-03-14  1:26:56 0 [Note] InnoDB: Compressed tables use zlib 1.3
2025-03-14  1:26:56 0 [Note] InnoDB: Number of pools: 1
2025-03-14  1:26:56 0 [Note] InnoDB: Using SSE2 crc32 instructions
2025-03-14  1:26:56 0 [Note] InnoDB: Initializing buffer pool, total size = 16M, instances = 1, chunk size = 16M
2025-03-14  1:26:56 0 [Note] InnoDB: Completed initialization of buffer pool
2025-03-14  1:26:56 0 [Note] InnoDB: Starting crash recovery from checkpoint LSN=304166
2025-03-14  1:26:56 0 [Note] InnoDB: 128 out of 128 rollback segments are active.
2025-03-14  1:26:56 0 [Note] InnoDB: Removed temporary tablespace data file: "ibtmp1"
2025-03-14  1:26:56 0 [Note] InnoDB: Creating shared tablespace for temporary tables
2025-03-14  1:26:56 0 [Note] InnoDB: Setting file 'C:\xampp\mysql\data\ibtmp1' size to 12 MB. Physically writing the file full; Please wait ...
2025-03-14  1:26:56 0 [Note] InnoDB: File 'C:\xampp\mysql\data\ibtmp1' size is now 12 MB.
2025-03-14  1:26:56 0 [Note] InnoDB: Waiting for purge to start
2025-03-14  1:26:56 0 [Note] InnoDB: 10.4.32 started; log sequence number 304175; transaction id 195
2025-03-14  1:26:56 0 [Note] InnoDB: Loading buffer pool(s) from C:\xampp\mysql\data\ib_buffer_pool
2025-03-14  1:26:56 0 [Note] Plugin 'FEEDBACK' is disabled.
2025-03-14  1:26:56 0 [Note] Server socket created on IP: '::'.
2025-03-14  1:26:56 0 [ERROR] Can't start server: Bind on TCP/IP port. Got error: 10048: Only one usage of each socket address (protocol/network address/port) is normally permitted.

2025-03-14  1:26:56 0 [ERROR] Do you already have another mysqld server running on port: 3306 ?
2025-03-14  1:26:56 0 [ERROR] Aborting
2025-03-14  1:27:17 0 [Note] Starting MariaDB 10.4.32-MariaDB source revision c4143f909528e3fab0677a28631d10389354c491 as process 3004
2025-03-14  1:27:17 0 [Note] InnoDB: Mutexes and rw_locks use Windows interlocked functions
2025-03-14  1:27:17 0 [Note] InnoDB: Uses event mutexes
2025-03-14  1:27:17 0 [Note] InnoDB: Compressed tables use zlib 1.3
2025-03-14  1:27:17 0 [Note] InnoDB: Number of pools: 1
2025-03-14  1:27:17 0 [Note] InnoDB: Using SSE2 crc32 instructions
2025-03-14  1:27:17 0 [Note] InnoDB: Initializing buffer pool, total size = 16M, instances = 1, chunk size = 16M
2025-03-14  1:27:17 0 [Note] InnoDB: Completed initialization of buffer pool
2025-03-14  1:27:17 0 [Note] InnoDB: 128 out of 128 rollback segments are active.
2025-03-14  1:27:17 0 [Note] InnoDB: Creating shared tablespace for temporary tables
2025-03-14  1:27:17 0 [Note] InnoDB: Setting file 'C:\xampp\mysql\data\ibtmp1' size to 12 MB. Physically writing the file full; Please wait ...
2025-03-14  1:27:17 0 [Note] InnoDB: File 'C:\xampp\mysql\data\ibtmp1' size is now 12 MB.
2025-03-14  1:27:17 0 [Note] InnoDB: Waiting for purge to start
2025-03-14  1:27:17 0 [Note] InnoDB: 10.4.32 started; log sequence number 304184; transaction id 195
2025-03-14  1:27:17 0 [Note] InnoDB: Loading buffer pool(s) from C:\xampp\mysql\data\ib_buffer_pool
2025-03-14  1:27:17 0 [Note] Plugin 'FEEDBACK' is disabled.
2025-03-14  1:27:17 0 [Note] Server socket created on IP: '::'.
2025-03-14  3:44:46 0 [Note] Starting MariaDB 10.4.32-MariaDB source revision c4143f909528e3fab0677a28631d10389354c491 as process 15392
2025-03-14  3:44:46 0 [Note] InnoDB: Mutexes and rw_locks use Windows interlocked functions
2025-03-14  3:44:46 0 [Note] InnoDB: Uses event mutexes
2025-03-14  3:44:46 0 [Note] InnoDB: Compressed tables use zlib 1.3
2025-03-14  3:44:46 0 [Note] InnoDB: Number of pools: 1
2025-03-14  3:44:46 0 [Note] InnoDB: Using SSE2 crc32 instructions
2025-03-14  3:44:46 0 [Note] InnoDB: Initializing buffer pool, total size = 16M, instances = 1, chunk size = 16M
2025-03-14  3:44:46 0 [Note] InnoDB: Completed initialization of buffer pool
2025-03-14  3:44:46 0 [Note] InnoDB: Starting crash recovery from checkpoint LSN=326685
2025-03-14  3:44:46 0 [Note] InnoDB: 128 out of 128 rollback segments are active.
2025-03-14  3:44:46 0 [Note] InnoDB: Removed temporary tablespace data file: "ibtmp1"
2025-03-14  3:44:46 0 [Note] InnoDB: Creating shared tablespace for temporary tables
2025-03-14  3:44:46 0 [Note] InnoDB: Setting file 'C:\xampp\mysql\data\ibtmp1' size to 12 MB. Physically writing the file full; Please wait ...
2025-03-14  3:44:46 0 [Note] InnoDB: File 'C:\xampp\mysql\data\ibtmp1' size is now 12 MB.
2025-03-14  3:44:46 0 [Note] InnoDB: Waiting for purge to start
2025-03-14  3:44:46 0 [Note] InnoDB: 10.4.32 started; log sequence number 326694; transaction id 263
2025-03-14  3:44:46 0 [Note] InnoDB: Loading buffer pool(s) from C:\xampp\mysql\data\ib_buffer_pool
2025-03-14  3:44:46 0 [Note] Plugin 'FEEDBACK' is disabled.
2025-03-14  3:44:46 0 [Note] InnoDB: Buffer pool(s) load completed at 250314  3:44:46
2025-03-14  3:44:46 0 [Note] Server socket created on IP: '::'.
2025-03-14  3:46:04 0 [Note] Starting MariaDB 10.4.32-MariaDB source revision c4143f909528e3fab0677a28631d10389354c491 as process 17656
2025-03-14  3:46:04 0 [Note] InnoDB: Mutexes and rw_locks use Windows interlocked functions
2025-03-14  3:46:04 0 [Note] InnoDB: Uses event mutexes
2025-03-14  3:46:04 0 [Note] InnoDB: Compressed tables use zlib 1.3
2025-03-14  3:46:04 0 [Note] InnoDB: Number of pools: 1
2025-03-14  3:46:04 0 [Note] InnoDB: Using SSE2 crc32 instructions
2025-03-14  3:46:04 0 [Note] InnoDB: Initializing buffer pool, total size = 16M, instances = 1, chunk size = 16M
2025-03-14  3:46:04 0 [Note] InnoDB: Completed initialization of buffer pool
2025-03-14  3:46:04 0 [Note] InnoDB: Starting crash recovery from checkpoint LSN=326703
2025-03-14  3:46:04 0 [Note] InnoDB: 128 out of 128 rollback segments are active.
2025-03-14  3:46:04 0 [Note] InnoDB: Removed temporary tablespace data file: "ibtmp1"
2025-03-14  3:46:04 0 [Note] InnoDB: Creating shared tablespace for temporary tables
2025-03-14  3:46:04 0 [Note] InnoDB: Setting file 'C:\xampp\mysql\data\ibtmp1' size to 12 MB. Physically writing the file full; Please wait ...
2025-03-14  3:46:04 0 [Note] InnoDB: File 'C:\xampp\mysql\data\ibtmp1' size is now 12 MB.
2025-03-14  3:46:04 0 [Note] InnoDB: Waiting for purge to start
2025-03-14  3:46:04 0 [Note] InnoDB: 10.4.32 started; log sequence number 326712; transaction id 263
2025-03-14  3:46:04 0 [Note] InnoDB: Loading buffer pool(s) from C:\xampp\mysql\data\ib_buffer_pool
2025-03-14  3:46:04 0 [Note] Plugin 'FEEDBACK' is disabled.
2025-03-14  3:46:04 0 [Note] Server socket created on IP: '::'.
2025-03-14  3:51:14 0 [Note] Starting MariaDB 10.4.32-MariaDB source revision c4143f909528e3fab0677a28631d10389354c491 as process 10824
2025-03-14  3:51:14 0 [Note] InnoDB: Mutexes and rw_locks use Windows interlocked functions
2025-03-14  3:51:14 0 [Note] InnoDB: Uses event mutexes
2025-03-14  3:51:14 0 [Note] InnoDB: Compressed tables use zlib 1.3
2025-03-14  3:51:14 0 [Note] InnoDB: Number of pools: 1
2025-03-14  3:51:14 0 [Note] InnoDB: Using SSE2 crc32 instructions
2025-03-14  3:51:14 0 [Note] InnoDB: Initializing buffer pool, total size = 16M, instances = 1, chunk size = 16M
2025-03-14  3:51:14 0 [Note] InnoDB: Completed initialization of buffer pool
2025-03-14  3:51:14 0 [Note] InnoDB: Starting crash recovery from checkpoint LSN=326721
2025-03-14  3:51:14 0 [Note] InnoDB: 128 out of 128 rollback segments are active.
2025-03-14  3:51:14 0 [Note] InnoDB: Removed temporary tablespace data file: "ibtmp1"
2025-03-14  3:51:14 0 [Note] InnoDB: Creating shared tablespace for temporary tables
2025-03-14  3:51:14 0 [Note] InnoDB: Setting file 'C:\xampp\mysql\data\ibtmp1' size to 12 MB. Physically writing the file full; Please wait ...
2025-03-14  3:51:14 0 [Note] InnoDB: File 'C:\xampp\mysql\data\ibtmp1' size is now 12 MB.
2025-03-14  3:51:14 0 [Note] InnoDB: Waiting for purge to start
2025-03-14  3:51:14 0 [Note] InnoDB: 10.4.32 started; log sequence number 326730; transaction id 263
2025-03-14  3:51:14 0 [Note] InnoDB: Loading buffer pool(s) from C:\xampp\mysql\data\ib_buffer_pool
2025-03-14  3:51:14 0 [Note] Plugin 'FEEDBACK' is disabled.
2025-03-14  3:51:14 0 [Note] Server socket created on IP: '::'.
2025-03-14 13:16:09 0 [Note] Starting MariaDB 10.4.32-MariaDB source revision c4143f909528e3fab0677a28631d10389354c491 as process 18112
2025-03-14 13:16:09 0 [Note] InnoDB: Mutexes and rw_locks use Windows interlocked functions
2025-03-14 13:16:09 0 [Note] InnoDB: Uses event mutexes
2025-03-14 13:16:09 0 [Note] InnoDB: Compressed tables use zlib 1.3
2025-03-14 13:16:09 0 [Note] InnoDB: Number of pools: 1
2025-03-14 13:16:09 0 [Note] InnoDB: Using SSE2 crc32 instructions
2025-03-14 13:16:09 0 [Note] InnoDB: Initializing buffer pool, total size = 16M, instances = 1, chunk size = 16M
2025-03-14 13:16:09 0 [Note] InnoDB: Completed initialization of buffer pool
2025-03-14 13:16:09 0 [Note] InnoDB: Starting crash recovery from checkpoint LSN=326739
2025-03-14 13:16:10 0 [Note] InnoDB: 128 out of 128 rollback segments are active.
2025-03-14 13:16:10 0 [Note] InnoDB: Removed temporary tablespace data file: "ibtmp1"
2025-03-14 13:16:10 0 [Note] InnoDB: Creating shared tablespace for temporary tables
2025-03-14 13:16:10 0 [Note] InnoDB: Setting file 'C:\xampp\mysql\data\ibtmp1' size to 12 MB. Physically writing the file full; Please wait ...
2025-03-14 13:16:10 0 [Note] InnoDB: File 'C:\xampp\mysql\data\ibtmp1' size is now 12 MB.
2025-03-14 13:16:10 0 [Note] InnoDB: Waiting for purge to start
2025-03-14 13:16:10 0 [Note] InnoDB: 10.4.32 started; log sequence number 326748; transaction id 263
2025-03-14 13:16:10 0 [Note] InnoDB: Loading buffer pool(s) from C:\xampp\mysql\data\ib_buffer_pool
2025-03-14 13:16:10 0 [Note] Plugin 'FEEDBACK' is disabled.
2025-03-14 13:16:10 0 [Note] InnoDB: Buffer pool(s) load completed at 250314 13:16:10
2025-03-14 13:16:10 0 [Note] Server socket created on IP: '::'.
2025-03-16 13:41:29 0 [Note] Starting MariaDB 10.4.32-MariaDB source revision c4143f909528e3fab0677a28631d10389354c491 as process 6616
2025-03-16 13:41:30 0 [Note] InnoDB: Mutexes and rw_locks use Windows interlocked functions
2025-03-16 13:41:30 0 [Note] InnoDB: Uses event mutexes
2025-03-16 13:41:30 0 [Note] InnoDB: Compressed tables use zlib 1.3
2025-03-16 13:41:30 0 [Note] InnoDB: Number of pools: 1
2025-03-16 13:41:30 0 [Note] InnoDB: Using SSE2 crc32 instructions
2025-03-16 13:41:30 0 [Note] InnoDB: Initializing buffer pool, total size = 16M, instances = 1, chunk size = 16M
2025-03-16 13:41:30 0 [Note] InnoDB: Completed initialization of buffer pool
2025-03-16 13:41:30 0 [Note] InnoDB: Starting crash recovery from checkpoint LSN=335454
2025-03-16 13:41:30 0 [Note] InnoDB: 128 out of 128 rollback segments are active.
2025-03-16 13:41:30 0 [Note] InnoDB: Removed temporary tablespace data file: "ibtmp1"
2025-03-16 13:41:30 0 [Note] InnoDB: Creating shared tablespace for temporary tables
2025-03-16 13:41:30 0 [Note] InnoDB: Setting file 'C:\xampp\mysql\data\ibtmp1' size to 12 MB. Physically writing the file full; Please wait ...
2025-03-16 13:41:30 0 [Note] InnoDB: File 'C:\xampp\mysql\data\ibtmp1' size is now 12 MB.
2025-03-16 13:41:30 0 [Note] InnoDB: Waiting for purge to start
2025-03-16 13:41:30 0 [Note] InnoDB: 10.4.32 started; log sequence number 335463; transaction id 302
2025-03-16 13:41:30 0 [Note] InnoDB: Loading buffer pool(s) from C:\xampp\mysql\data\ib_buffer_pool
2025-03-16 13:41:30 0 [Note] Plugin 'FEEDBACK' is disabled.
2025-03-16 13:41:30 0 [Note] InnoDB: Buffer pool(s) load completed at 250316 13:41:30
2025-03-16 13:41:30 0 [Note] Server socket created on IP: '::'.
2025-03-17  1:04:09 0 [Note] Starting MariaDB 10.4.32-MariaDB source revision c4143f909528e3fab0677a28631d10389354c491 as process 22108
2025-03-17  1:04:09 0 [Note] InnoDB: Mutexes and rw_locks use Windows interlocked functions
2025-03-17  1:04:09 0 [Note] InnoDB: Uses event mutexes
2025-03-17  1:04:09 0 [Note] InnoDB: Compressed tables use zlib 1.3
2025-03-17  1:04:09 0 [Note] InnoDB: Number of pools: 1
2025-03-17  1:04:09 0 [Note] InnoDB: Using SSE2 crc32 instructions
2025-03-17  1:04:09 0 [Note] InnoDB: Initializing buffer pool, total size = 16M, instances = 1, chunk size = 16M
2025-03-17  1:04:09 0 [Note] InnoDB: Completed initialization of buffer pool
2025-03-17  1:04:09 0 [Note] InnoDB: Starting crash recovery from checkpoint LSN=472749
2025-03-17  1:04:10 0 [Note] InnoDB: 128 out of 128 rollback segments are active.
2025-03-17  1:04:10 0 [Note] InnoDB: Removed temporary tablespace data file: "ibtmp1"
2025-03-17  1:04:10 0 [Note] InnoDB: Creating shared tablespace for temporary tables
2025-03-17  1:04:10 0 [Note] InnoDB: Setting file 'C:\xampp\mysql\data\ibtmp1' size to 12 MB. Physically writing the file full; Please wait ...
2025-03-17  1:04:10 0 [Note] InnoDB: File 'C:\xampp\mysql\data\ibtmp1' size is now 12 MB.
2025-03-17  1:04:10 0 [Note] InnoDB: Waiting for purge to start
2025-03-17  1:04:10 0 [Note] InnoDB: 10.4.32 started; log sequence number 472758; transaction id 507
2025-03-17  1:04:10 0 [Note] InnoDB: Loading buffer pool(s) from C:\xampp\mysql\data\ib_buffer_pool
2025-03-17  1:04:10 0 [Note] Plugin 'FEEDBACK' is disabled.
2025-03-17  1:04:10 0 [Note] InnoDB: Buffer pool(s) load completed at 250317  1:04:10
2025-03-17  1:04:10 0 [Note] Server socket created on IP: '::'.
2025-03-17  1:05:37 0 [Note] Starting MariaDB 10.4.32-MariaDB source revision c4143f909528e3fab0677a28631d10389354c491 as process 17220
2025-03-17  1:05:37 0 [Note] InnoDB: Mutexes and rw_locks use Windows interlocked functions
2025-03-17  1:05:37 0 [Note] InnoDB: Uses event mutexes
2025-03-17  1:05:37 0 [Note] InnoDB: Compressed tables use zlib 1.3
2025-03-17  1:05:37 0 [Note] InnoDB: Number of pools: 1
2025-03-17  1:05:37 0 [Note] InnoDB: Using SSE2 crc32 instructions
2025-03-17  1:05:37 0 [Note] InnoDB: Initializing buffer pool, total size = 16M, instances = 1, chunk size = 16M
2025-03-17  1:05:37 0 [Note] InnoDB: Completed initialization of buffer pool
2025-03-17  1:05:37 0 [Note] InnoDB: Starting crash recovery from checkpoint LSN=472767
2025-03-17  1:05:37 0 [Note] InnoDB: 128 out of 128 rollback segments are active.
2025-03-17  1:05:37 0 [Note] InnoDB: Removed temporary tablespace data file: "ibtmp1"
2025-03-17  1:05:37 0 [Note] InnoDB: Creating shared tablespace for temporary tables
2025-03-17  1:05:37 0 [Note] InnoDB: Setting file 'C:\xampp\mysql\data\ibtmp1' size to 12 MB. Physically writing the file full; Please wait ...
2025-03-17  1:05:37 0 [Note] InnoDB: File 'C:\xampp\mysql\data\ibtmp1' size is now 12 MB.
2025-03-17  1:05:37 0 [Note] InnoDB: 10.4.32 started; log sequence number 472776; transaction id 507
2025-03-17  1:05:37 0 [Note] InnoDB: Loading buffer pool(s) from C:\xampp\mysql\data\ib_buffer_pool
2025-03-17  1:05:37 0 [Note] Plugin 'FEEDBACK' is disabled.
2025-03-17  1:05:37 0 [Note] Server socket created on IP: '::'.
2025-03-17  1:05:39 0 [Note] Starting MariaDB 10.4.32-MariaDB source revision c4143f909528e3fab0677a28631d10389354c491 as process 4284
2025-03-17  1:05:39 0 [Note] InnoDB: Mutexes and rw_locks use Windows interlocked functions
2025-03-17  1:05:39 0 [Note] InnoDB: Uses event mutexes
2025-03-17  1:05:39 0 [Note] InnoDB: Compressed tables use zlib 1.3
2025-03-17  1:05:39 0 [Note] InnoDB: Number of pools: 1
2025-03-17  1:05:39 0 [Note] InnoDB: Using SSE2 crc32 instructions
2025-03-17  1:05:39 0 [Note] InnoDB: Initializing buffer pool, total size = 16M, instances = 1, chunk size = 16M
2025-03-17  1:05:39 0 [Note] InnoDB: Completed initialization of buffer pool
2025-03-17  1:05:39 0 [Note] InnoDB: Starting crash recovery from checkpoint LSN=472767
2025-03-17  1:05:39 0 [Note] InnoDB: 128 out of 128 rollback segments are active.
2025-03-17  1:05:39 0 [Note] InnoDB: Removed temporary tablespace data file: "ibtmp1"
2025-03-17  1:05:39 0 [Note] InnoDB: Creating shared tablespace for temporary tables
2025-03-17  1:05:39 0 [Note] InnoDB: Setting file 'C:\xampp\mysql\data\ibtmp1' size to 12 MB. Physically writing the file full; Please wait ...
2025-03-17  1:05:39 0 [Note] InnoDB: File 'C:\xampp\mysql\data\ibtmp1' size is now 12 MB.
2025-03-17  1:05:39 0 [Note] InnoDB: Waiting for purge to start
2025-03-17  1:05:39 0 [Note] InnoDB: 10.4.32 started; log sequence number 472776; transaction id 507
2025-03-17  1:05:39 0 [Note] InnoDB: Loading buffer pool(s) from C:\xampp\mysql\data\ib_buffer_pool
2025-03-17  1:05:39 0 [Note] Plugin 'FEEDBACK' is disabled.
2025-03-17  1:05:39 0 [Note] Server socket created on IP: '::'.
2025-03-17 13:56:42 0 [Note] Starting MariaDB 10.4.32-MariaDB source revision c4143f909528e3fab0677a28631d10389354c491 as process 4204
2025-03-17 13:56:42 0 [Note] InnoDB: Mutexes and rw_locks use Windows interlocked functions
2025-03-17 13:56:42 0 [Note] InnoDB: Uses event mutexes
2025-03-17 13:56:42 0 [Note] InnoDB: Compressed tables use zlib 1.3
2025-03-17 13:56:42 0 [Note] InnoDB: Number of pools: 1
2025-03-17 13:56:42 0 [Note] InnoDB: Using SSE2 crc32 instructions
2025-03-17 13:56:42 0 [Note] InnoDB: Initializing buffer pool, total size = 16M, instances = 1, chunk size = 16M
2025-03-17 13:56:42 0 [Note] InnoDB: Completed initialization of buffer pool
2025-03-17 13:56:42 0 [Note] InnoDB: Starting crash recovery from checkpoint LSN=662887
2025-03-17 13:56:43 0 [Note] InnoDB: 128 out of 128 rollback segments are active.
2025-03-17 13:56:43 0 [Note] InnoDB: Removed temporary tablespace data file: "ibtmp1"
2025-03-17 13:56:43 0 [Note] InnoDB: Creating shared tablespace for temporary tables
2025-03-17 13:56:43 0 [Note] InnoDB: Setting file 'C:\xampp\mysql\data\ibtmp1' size to 12 MB. Physically writing the file full; Please wait ...
2025-03-17 13:56:43 0 [Note] InnoDB: File 'C:\xampp\mysql\data\ibtmp1' size is now 12 MB.
2025-03-17 13:56:43 0 [Note] InnoDB: Waiting for purge to start
2025-03-17 13:56:43 0 [Note] InnoDB: 10.4.32 started; log sequence number 662896; transaction id 633
2025-03-17 13:56:43 0 [Note] InnoDB: Loading buffer pool(s) from C:\xampp\mysql\data\ib_buffer_pool
2025-03-17 13:56:43 0 [Note] Plugin 'FEEDBACK' is disabled.
2025-03-17 13:56:43 0 [Note] InnoDB: Buffer pool(s) load completed at 250317 13:56:43
2025-03-17 13:56:43 0 [Note] Server socket created on IP: '::'.
2025-05-11  9:30:33 0 [Note] Starting MariaDB 10.4.32-MariaDB source revision c4143f909528e3fab0677a28631d10389354c491 as process 9360
2025-05-11  9:30:33 0 [Note] InnoDB: Mutexes and rw_locks use Windows interlocked functions
2025-05-11  9:30:33 0 [Note] InnoDB: Uses event mutexes
2025-05-11  9:30:33 0 [Note] InnoDB: Compressed tables use zlib 1.3
2025-05-11  9:30:33 0 [Note] InnoDB: Number of pools: 1
2025-05-11  9:30:33 0 [Note] InnoDB: Using SSE2 crc32 instructions
2025-05-11  9:30:33 0 [Note] InnoDB: Initializing buffer pool, total size = 16M, instances = 1, chunk size = 16M
2025-05-11  9:30:33 0 [Note] InnoDB: Completed initialization of buffer pool
2025-05-11  9:30:33 0 [Note] InnoDB: Starting crash recovery from checkpoint LSN=662905
2025-05-11  9:30:34 0 [Note] InnoDB: 128 out of 128 rollback segments are active.
2025-05-11  9:30:34 0 [Note] InnoDB: Removed temporary tablespace data file: "ibtmp1"
2025-05-11  9:30:34 0 [Note] InnoDB: Creating shared tablespace for temporary tables
2025-05-11  9:30:34 0 [Note] InnoDB: Setting file 'C:\xampp\mysql\data\ibtmp1' size to 12 MB. Physically writing the file full; Please wait ...
2025-05-11  9:30:34 0 [Note] InnoDB: File 'C:\xampp\mysql\data\ibtmp1' size is now 12 MB.
2025-05-11  9:30:34 0 [Note] InnoDB: Waiting for purge to start
2025-05-11  9:30:34 0 [Note] InnoDB: 10.4.32 started; log sequence number 662914; transaction id 633
2025-05-11  9:30:34 0 [Note] Plugin 'FEEDBACK' is disabled.
2025-05-11  9:30:34 0 [Note] InnoDB: Loading buffer pool(s) from C:\xampp\mysql\data\ib_buffer_pool
2025-05-11  9:30:34 0 [Note] InnoDB: Buffer pool(s) load completed at 250511  9:30:34
2025-05-11  9:30:34 0 [Note] Server socket created on IP: '::'.
2025-05-11  9:53:13 0 [Note] Starting MariaDB 10.4.32-MariaDB source revision c4143f909528e3fab0677a28631d10389354c491 as process 9208
2025-05-11  9:53:13 0 [Note] InnoDB: Mutexes and rw_locks use Windows interlocked functions
2025-05-11  9:53:13 0 [Note] InnoDB: Uses event mutexes
2025-05-11  9:53:13 0 [Note] InnoDB: Compressed tables use zlib 1.3
2025-05-11  9:53:13 0 [Note] InnoDB: Number of pools: 1
2025-05-11  9:53:13 0 [Note] InnoDB: Using SSE2 crc32 instructions
2025-05-11  9:53:13 0 [Note] InnoDB: Initializing buffer pool, total size = 16M, instances = 1, chunk size = 16M
2025-05-11  9:53:13 0 [Note] InnoDB: Completed initialization of buffer pool
2025-05-11  9:53:13 0 [Note] InnoDB: Starting crash recovery from checkpoint LSN=662923
2025-05-11  9:53:13 0 [Note] InnoDB: Starting final batch to recover 12 pages from redo log.
2025-05-11  9:53:14 0 [Note] InnoDB: 128 out of 128 rollback segments are active.
2025-05-11  9:53:14 0 [Note] InnoDB: Removed temporary tablespace data file: "ibtmp1"
2025-05-11  9:53:14 0 [Note] InnoDB: Creating shared tablespace for temporary tables
2025-05-11  9:53:14 0 [Note] InnoDB: Setting file 'C:\xampp\mysql\data\ibtmp1' size to 12 MB. Physically writing the file full; Please wait ...
2025-05-11  9:53:14 0 [Note] InnoDB: File 'C:\xampp\mysql\data\ibtmp1' size is now 12 MB.
2025-05-11  9:53:14 0 [Note] InnoDB: Waiting for purge to start
2025-05-11  9:53:14 0 [Note] InnoDB: 10.4.32 started; log sequence number 665724; transaction id 668
2025-05-11  9:53:14 0 [Note] InnoDB: Loading buffer pool(s) from C:\xampp\mysql\data\ib_buffer_pool
2025-05-11  9:53:14 0 [Note] Plugin 'FEEDBACK' is disabled.
2025-05-11  9:53:14 0 [Note] InnoDB: Buffer pool(s) load completed at 250511  9:53:14
2025-05-11  9:53:14 0 [Note] Server socket created on IP: '::'.
2025-05-11 20:03:12 0 [Note] Starting MariaDB 10.4.32-MariaDB source revision c4143f909528e3fab0677a28631d10389354c491 as process 6924
2025-05-11 20:03:12 0 [Note] InnoDB: Mutexes and rw_locks use Windows interlocked functions
2025-05-11 20:03:12 0 [Note] InnoDB: Uses event mutexes
2025-05-11 20:03:12 0 [Note] InnoDB: Compressed tables use zlib 1.3
2025-05-11 20:03:12 0 [Note] InnoDB: Number of pools: 1
2025-05-11 20:03:12 0 [Note] InnoDB: Using SSE2 crc32 instructions
2025-05-11 20:03:12 0 [Note] InnoDB: Initializing buffer pool, total size = 16M, instances = 1, chunk size = 16M
2025-05-11 20:03:12 0 [Note] InnoDB: Completed initialization of buffer pool
2025-05-11 20:03:12 0 [Note] InnoDB: Starting crash recovery from checkpoint LSN=684398
2025-05-11 20:03:13 0 [Note] InnoDB: 128 out of 128 rollback segments are active.
2025-05-11 20:03:13 0 [Note] InnoDB: Removed temporary tablespace data file: "ibtmp1"
2025-05-11 20:03:13 0 [Note] InnoDB: Creating shared tablespace for temporary tables
2025-05-11 20:03:13 0 [Note] InnoDB: Setting file 'C:\xampp\mysql\data\ibtmp1' size to 12 MB. Physically writing the file full; Please wait ...
2025-05-11 20:03:13 0 [Note] InnoDB: File 'C:\xampp\mysql\data\ibtmp1' size is now 12 MB.
2025-05-11 20:03:13 0 [Note] InnoDB: Waiting for purge to start
2025-05-11 20:03:13 0 [Note] InnoDB: 10.4.32 started; log sequence number 684407; transaction id 727
2025-05-11 20:03:13 0 [Note] InnoDB: Loading buffer pool(s) from C:\xampp\mysql\data\ib_buffer_pool
2025-05-11 20:03:13 0 [Note] Plugin 'FEEDBACK' is disabled.
2025-05-11 20:03:13 0 [Note] InnoDB: Buffer pool(s) load completed at 250511 20:03:13
2025-05-11 20:03:13 0 [Note] Server socket created on IP: '::'.
2025-05-14 10:27:31 0 [Note] Starting MariaDB 10.4.32-MariaDB source revision c4143f909528e3fab0677a28631d10389354c491 as process 16488
2025-05-14 10:27:31 0 [Note] InnoDB: Mutexes and rw_locks use Windows interlocked functions
2025-05-14 10:27:31 0 [Note] InnoDB: Uses event mutexes
2025-05-14 10:27:31 0 [Note] InnoDB: Compressed tables use zlib 1.3
2025-05-14 10:27:31 0 [Note] InnoDB: Number of pools: 1
2025-05-14 10:27:31 0 [Note] InnoDB: Using SSE2 crc32 instructions
2025-05-14 10:27:31 0 [Note] InnoDB: Initializing buffer pool, total size = 16M, instances = 1, chunk size = 16M
2025-05-14 10:27:31 0 [Note] InnoDB: Completed initialization of buffer pool
2025-05-14 10:27:31 0 [Note] InnoDB: Starting crash recovery from checkpoint LSN=947068
2025-05-14 10:27:32 0 [Note] InnoDB: 128 out of 128 rollback segments are active.
2025-05-14 10:27:32 0 [Note] InnoDB: Removed temporary tablespace data file: "ibtmp1"
2025-05-14 10:27:32 0 [Note] InnoDB: Creating shared tablespace for temporary tables
2025-05-14 10:27:32 0 [Note] InnoDB: Setting file 'C:\xampp\mysql\data\ibtmp1' size to 12 MB. Physically writing the file full; Please wait ...
2025-05-14 10:27:32 0 [Note] InnoDB: File 'C:\xampp\mysql\data\ibtmp1' size is now 12 MB.
2025-05-14 10:27:32 0 [Note] InnoDB: Waiting for purge to start
2025-05-14 10:27:32 0 [Note] InnoDB: 10.4.32 started; log sequence number 947077; transaction id 1139
2025-05-14 10:27:32 0 [Note] InnoDB: Loading buffer pool(s) from C:\xampp\mysql\data\ib_buffer_pool
2025-05-14 10:27:32 0 [Note] Plugin 'FEEDBACK' is disabled.
2025-05-14 10:27:32 0 [Note] InnoDB: Buffer pool(s) load completed at 250514 10:27:32
2025-05-14 10:27:32 0 [Note] Server socket created on IP: '::'.
2025-05-14 14:11:16 0 [Note] Starting MariaDB 10.4.32-MariaDB source revision c4143f909528e3fab0677a28631d10389354c491 as process 8564
2025-05-14 14:11:16 0 [Note] InnoDB: Mutexes and rw_locks use Windows interlocked functions
2025-05-14 14:11:16 0 [Note] InnoDB: Uses event mutexes
2025-05-14 14:11:16 0 [Note] InnoDB: Compressed tables use zlib 1.3
2025-05-14 14:11:16 0 [Note] InnoDB: Number of pools: 1
2025-05-14 14:11:16 0 [Note] InnoDB: Using SSE2 crc32 instructions
2025-05-14 14:11:16 0 [Note] InnoDB: Initializing buffer pool, total size = 16M, instances = 1, chunk size = 16M
2025-05-14 14:11:16 0 [Note] InnoDB: Completed initialization of buffer pool
2025-05-14 14:11:16 0 [Note] InnoDB: Starting crash recovery from checkpoint LSN=947086
2025-05-14 14:11:16 0 [Note] InnoDB: 128 out of 128 rollback segments are active.
2025-05-14 14:11:16 0 [Note] InnoDB: Removed temporary tablespace data file: "ibtmp1"
2025-05-14 14:11:16 0 [Note] InnoDB: Creating shared tablespace for temporary tables
2025-05-14 14:11:16 0 [Note] InnoDB: Setting file 'C:\xampp\mysql\data\ibtmp1' size to 12 MB. Physically writing the file full; Please wait ...
2025-05-14 14:11:16 0 [Note] InnoDB: File 'C:\xampp\mysql\data\ibtmp1' size is now 12 MB.
2025-05-14 14:11:16 0 [Note] InnoDB: Waiting for purge to start
2025-05-14 14:11:16 0 [Note] InnoDB: 10.4.32 started; log sequence number 947095; transaction id 1139
2025-05-14 14:11:16 0 [Note] InnoDB: Loading buffer pool(s) from C:\xampp\mysql\data\ib_buffer_pool
2025-05-14 14:11:16 0 [Note] Plugin 'FEEDBACK' is disabled.
2025-05-14 14:11:16 0 [Note] InnoDB: Buffer pool(s) load completed at 250514 14:11:16
2025-05-14 14:11:17 0 [Note] Server socket created on IP: '::'.
2025-05-14 15:10:04 0 [Note] Starting MariaDB 10.4.32-MariaDB source revision c4143f909528e3fab0677a28631d10389354c491 as process 18844
2025-05-14 15:10:04 0 [Note] InnoDB: Mutexes and rw_locks use Windows interlocked functions
2025-05-14 15:10:04 0 [Note] InnoDB: Uses event mutexes
2025-05-14 15:10:04 0 [Note] InnoDB: Compressed tables use zlib 1.3
2025-05-14 15:10:04 0 [Note] InnoDB: Number of pools: 1
2025-05-14 15:10:04 0 [Note] InnoDB: Using SSE2 crc32 instructions
2025-05-14 15:10:04 0 [Note] InnoDB: Initializing buffer pool, total size = 16M, instances = 1, chunk size = 16M
2025-05-14 15:10:04 0 [Note] InnoDB: Completed initialization of buffer pool
2025-05-14 15:10:04 0 [Note] InnoDB: Starting crash recovery from checkpoint LSN=947104
2025-05-14 15:10:04 0 [Note] InnoDB: 128 out of 128 rollback segments are active.
2025-05-14 15:10:04 0 [Note] InnoDB: Removed temporary tablespace data file: "ibtmp1"
2025-05-14 15:10:04 0 [Note] InnoDB: Creating shared tablespace for temporary tables
2025-05-14 15:10:04 0 [Note] InnoDB: Setting file 'C:\xampp\mysql\data\ibtmp1' size to 12 MB. Physically writing the file full; Please wait ...
2025-05-14 15:10:04 0 [Note] InnoDB: File 'C:\xampp\mysql\data\ibtmp1' size is now 12 MB.
2025-05-14 15:10:04 0 [Note] InnoDB: Waiting for purge to start
2025-05-14 15:10:04 0 [Note] InnoDB: 10.4.32 started; log sequence number 947113; transaction id 1139
2025-05-14 15:10:04 0 [Note] InnoDB: Loading buffer pool(s) from C:\xampp\mysql\data\ib_buffer_pool
2025-05-14 15:10:04 0 [Note] Plugin 'FEEDBACK' is disabled.
2025-05-14 15:10:04 0 [Note] InnoDB: Buffer pool(s) load completed at 250514 15:10:04
2025-05-14 15:10:04 0 [Note] Server socket created on IP: '::'.
2025-05-15  9:51:24 0 [Note] Starting MariaDB 10.4.32-MariaDB source revision c4143f909528e3fab0677a28631d10389354c491 as process 12088
2025-05-15  9:51:25 0 [Note] InnoDB: Mutexes and rw_locks use Windows interlocked functions
2025-05-15  9:51:25 0 [Note] InnoDB: Uses event mutexes
2025-05-15  9:51:25 0 [Note] InnoDB: Compressed tables use zlib 1.3
2025-05-15  9:51:25 0 [Note] InnoDB: Number of pools: 1
2025-05-15  9:51:25 0 [Note] InnoDB: Using SSE2 crc32 instructions
2025-05-15  9:51:25 0 [Note] InnoDB: Initializing buffer pool, total size = 16M, instances = 1, chunk size = 16M
2025-05-15  9:51:25 0 [Note] InnoDB: Completed initialization of buffer pool
2025-05-15  9:51:25 0 [Note] InnoDB: Starting crash recovery from checkpoint LSN=947104
2025-05-15  9:51:25 0 [Note] InnoDB: 128 out of 128 rollback segments are active.
2025-05-15  9:51:25 0 [Note] InnoDB: Removed temporary tablespace data file: "ibtmp1"
2025-05-15  9:51:25 0 [Note] InnoDB: Creating shared tablespace for temporary tables
2025-05-15  9:51:25 0 [Note] InnoDB: Setting file 'C:\xampp\mysql\data\ibtmp1' size to 12 MB. Physically writing the file full; Please wait ...
2025-05-15  9:51:25 0 [Note] InnoDB: File 'C:\xampp\mysql\data\ibtmp1' size is now 12 MB.
2025-05-15  9:51:25 0 [Note] InnoDB: Waiting for purge to start
2025-05-15  9:51:25 0 [Note] InnoDB: 10.4.32 started; log sequence number 947113; transaction id 1139
2025-05-15  9:51:25 0 [Note] Plugin 'FEEDBACK' is disabled.
2025-05-15  9:51:25 0 [Note] InnoDB: Loading buffer pool(s) from C:\xampp\mysql\data\ib_buffer_pool
2025-05-15  9:51:25 0 [Note] InnoDB: Buffer pool(s) load completed at 250515  9:51:25
2025-05-15  9:51:25 0 [Note] Server socket created on IP: '::'.
2025-05-15 13:34:41 0 [Note] Starting MariaDB 10.4.32-MariaDB source revision c4143f909528e3fab0677a28631d10389354c491 as process 2632
2025-05-15 13:34:41 0 [Note] InnoDB: Mutexes and rw_locks use Windows interlocked functions
2025-05-15 13:34:41 0 [Note] InnoDB: Uses event mutexes
2025-05-15 13:34:41 0 [Note] InnoDB: Compressed tables use zlib 1.3
2025-05-15 13:34:41 0 [Note] InnoDB: Number of pools: 1
2025-05-15 13:34:41 0 [Note] InnoDB: Using SSE2 crc32 instructions
2025-05-15 13:34:41 0 [Note] InnoDB: Initializing buffer pool, total size = 16M, instances = 1, chunk size = 16M
2025-05-15 13:34:41 0 [Note] InnoDB: Completed initialization of buffer pool
2025-05-15 13:34:41 0 [Note] InnoDB: Starting crash recovery from checkpoint LSN=947122
2025-05-15 13:34:41 0 [Note] InnoDB: 128 out of 128 rollback segments are active.
2025-05-15 13:34:41 0 [Note] InnoDB: Removed temporary tablespace data file: "ibtmp1"
2025-05-15 13:34:41 0 [Note] InnoDB: Creating shared tablespace for temporary tables
2025-05-15 13:34:41 0 [Note] InnoDB: Setting file 'C:\xampp\mysql\data\ibtmp1' size to 12 MB. Physically writing the file full; Please wait ...
2025-05-15 13:34:41 0 [Note] InnoDB: File 'C:\xampp\mysql\data\ibtmp1' size is now 12 MB.
2025-05-15 13:34:41 0 [Note] InnoDB: Waiting for purge to start
2025-05-15 13:34:41 0 [Note] InnoDB: 10.4.32 started; log sequence number 947131; transaction id 1139
2025-05-15 13:34:41 0 [Note] Plugin 'FEEDBACK' is disabled.
2025-05-15 13:34:41 0 [Note] InnoDB: Loading buffer pool(s) from C:\xampp\mysql\data\ib_buffer_pool
2025-05-15 13:34:41 0 [Note] InnoDB: Buffer pool(s) load completed at 250515 13:34:41
2025-05-15 13:34:41 0 [Note] Server socket created on IP: '::'.
2025-05-15 13:34:49 0 [Note] Starting MariaDB 10.4.32-MariaDB source revision c4143f909528e3fab0677a28631d10389354c491 as process 16284
2025-05-15 13:34:49 0 [Note] InnoDB: Mutexes and rw_locks use Windows interlocked functions
2025-05-15 13:34:49 0 [Note] InnoDB: Uses event mutexes
2025-05-15 13:34:49 0 [Note] InnoDB: Compressed tables use zlib 1.3
2025-05-15 13:34:49 0 [Note] InnoDB: Number of pools: 1
2025-05-15 13:34:49 0 [Note] InnoDB: Using SSE2 crc32 instructions
2025-05-15 13:34:49 0 [Note] InnoDB: Initializing buffer pool, total size = 16M, instances = 1, chunk size = 16M
2025-05-15 13:34:49 0 [Note] InnoDB: Completed initialization of buffer pool
2025-05-15 13:34:49 0 [Note] InnoDB: Starting crash recovery from checkpoint LSN=947140
2025-05-15 13:34:49 0 [Note] InnoDB: 128 out of 128 rollback segments are active.
2025-05-15 13:34:49 0 [Note] InnoDB: Removed temporary tablespace data file: "ibtmp1"
2025-05-15 13:34:49 0 [Note] InnoDB: Creating shared tablespace for temporary tables
2025-05-15 13:34:49 0 [Note] InnoDB: Setting file 'C:\xampp\mysql\data\ibtmp1' size to 12 MB. Physically writing the file full; Please wait ...
2025-05-15 13:34:49 0 [Note] InnoDB: File 'C:\xampp\mysql\data\ibtmp1' size is now 12 MB.
2025-05-15 13:34:49 0 [Note] InnoDB: Waiting for purge to start
2025-05-15 13:34:49 0 [Note] InnoDB: 10.4.32 started; log sequence number 947149; transaction id 1139
2025-05-15 13:34:49 0 [Note] InnoDB: Loading buffer pool(s) from C:\xampp\mysql\data\ib_buffer_pool
2025-05-15 13:34:49 0 [Note] Plugin 'FEEDBACK' is disabled.
2025-05-15 13:34:49 0 [Note] Server socket created on IP: '::'.
2025-05-16 10:05:55 0 [Note] Starting MariaDB 10.4.32-MariaDB source revision c4143f909528e3fab0677a28631d10389354c491 as process 14636
2025-05-16 10:05:55 0 [Note] InnoDB: Mutexes and rw_locks use Windows interlocked functions
2025-05-16 10:05:55 0 [Note] InnoDB: Uses event mutexes
2025-05-16 10:05:55 0 [Note] InnoDB: Compressed tables use zlib 1.3
2025-05-16 10:05:55 0 [Note] InnoDB: Number of pools: 1
2025-05-16 10:05:55 0 [Note] InnoDB: Using SSE2 crc32 instructions
2025-05-16 10:05:55 0 [Note] InnoDB: Initializing buffer pool, total size = 16M, instances = 1, chunk size = 16M
2025-05-16 10:05:55 0 [Note] InnoDB: Completed initialization of buffer pool
2025-05-16 10:05:55 0 [Note] InnoDB: Starting crash recovery from checkpoint LSN=1126692
2025-05-16 10:05:56 0 [Note] InnoDB: 128 out of 128 rollback segments are active.
2025-05-16 10:05:56 0 [Note] InnoDB: Removed temporary tablespace data file: "ibtmp1"
2025-05-16 10:05:56 0 [Note] InnoDB: Creating shared tablespace for temporary tables
2025-05-16 10:05:56 0 [Note] InnoDB: Setting file 'C:\xampp\mysql\data\ibtmp1' size to 12 MB. Physically writing the file full; Please wait ...
2025-05-16 10:05:56 0 [Note] InnoDB: File 'C:\xampp\mysql\data\ibtmp1' size is now 12 MB.
2025-05-16 10:05:56 0 [Note] InnoDB: Waiting for purge to start
2025-05-16 10:05:56 0 [Note] InnoDB: 10.4.32 started; log sequence number 1126701; transaction id 1412
2025-05-16 10:05:56 0 [Note] InnoDB: Loading buffer pool(s) from C:\xampp\mysql\data\ib_buffer_pool
2025-05-16 10:05:56 0 [Note] Plugin 'FEEDBACK' is disabled.
2025-05-16 10:05:56 0 [Note] InnoDB: Buffer pool(s) load completed at 250516 10:05:56
2025-05-16 10:05:56 0 [Note] Server socket created on IP: '::'.
2025-05-16 13:55:25 0 [Note] Starting MariaDB 10.4.32-MariaDB source revision c4143f909528e3fab0677a28631d10389354c491 as process 6848
2025-05-16 13:55:25 0 [Note] InnoDB: Mutexes and rw_locks use Windows interlocked functions
2025-05-16 13:55:25 0 [Note] InnoDB: Uses event mutexes
2025-05-16 13:55:25 0 [Note] InnoDB: Compressed tables use zlib 1.3
2025-05-16 13:55:25 0 [Note] InnoDB: Number of pools: 1
2025-05-16 13:55:25 0 [Note] InnoDB: Using SSE2 crc32 instructions
2025-05-16 13:55:25 0 [Note] InnoDB: Initializing buffer pool, total size = 16M, instances = 1, chunk size = 16M
2025-05-16 13:55:25 0 [Note] InnoDB: Completed initialization of buffer pool
2025-05-16 13:55:25 0 [Note] InnoDB: Starting crash recovery from checkpoint LSN=1154707
2025-05-16 13:55:26 0 [Note] InnoDB: 128 out of 128 rollback segments are active.
2025-05-16 13:55:26 0 [Note] InnoDB: Removed temporary tablespace data file: "ibtmp1"
2025-05-16 13:55:26 0 [Note] InnoDB: Creating shared tablespace for temporary tables
2025-05-16 13:55:26 0 [Note] InnoDB: Setting file 'C:\xampp\mysql\data\ibtmp1' size to 12 MB. Physically writing the file full; Please wait ...
2025-05-16 13:55:26 0 [Note] InnoDB: File 'C:\xampp\mysql\data\ibtmp1' size is now 12 MB.
2025-05-16 13:55:26 0 [Note] InnoDB: Waiting for purge to start
2025-05-16 13:55:26 0 [Note] InnoDB: 10.4.32 started; log sequence number 1154716; transaction id 1443
2025-05-16 13:55:26 0 [Note] Plugin 'FEEDBACK' is disabled.
2025-05-16 13:55:26 0 [Note] InnoDB: Loading buffer pool(s) from C:\xampp\mysql\data\ib_buffer_pool
2025-05-16 13:55:26 0 [Note] InnoDB: Buffer pool(s) load completed at 250516 13:55:26
2025-05-16 13:55:26 0 [Note] Server socket created on IP: '::'.
2025-05-17 18:53:36 0 [Note] Starting MariaDB 10.4.32-MariaDB source revision c4143f909528e3fab0677a28631d10389354c491 as process 25912
2025-05-17 18:53:36 0 [Note] InnoDB: Mutexes and rw_locks use Windows interlocked functions
2025-05-17 18:53:36 0 [Note] InnoDB: Uses event mutexes
2025-05-17 18:53:36 0 [Note] InnoDB: Compressed tables use zlib 1.3
2025-05-17 18:53:36 0 [Note] InnoDB: Number of pools: 1
2025-05-17 18:53:36 0 [Note] InnoDB: Using SSE2 crc32 instructions
2025-05-17 18:53:36 0 [Note] InnoDB: Initializing buffer pool, total size = 16M, instances = 1, chunk size = 16M
2025-05-17 18:53:36 0 [Note] InnoDB: Completed initialization of buffer pool
2025-05-17 18:53:36 0 [Note] InnoDB: Starting crash recovery from checkpoint LSN=1158174
2025-05-17 18:53:37 0 [Note] InnoDB: 128 out of 128 rollback segments are active.
2025-05-17 18:53:37 0 [Note] InnoDB: Removed temporary tablespace data file: "ibtmp1"
2025-05-17 18:53:37 0 [Note] InnoDB: Creating shared tablespace for temporary tables
2025-05-17 18:53:37 0 [Note] InnoDB: Setting file 'C:\xampp\mysql\data\ibtmp1' size to 12 MB. Physically writing the file full; Please wait ...
2025-05-17 18:53:37 0 [Note] InnoDB: File 'C:\xampp\mysql\data\ibtmp1' size is now 12 MB.
2025-05-17 18:53:37 0 [Note] InnoDB: Waiting for purge to start
2025-05-17 18:53:37 0 [Note] InnoDB: 10.4.32 started; log sequence number 1158183; transaction id 1461
2025-05-17 18:53:37 0 [Note] InnoDB: Loading buffer pool(s) from C:\xampp\mysql\data\ib_buffer_pool
2025-05-17 18:53:37 0 [Note] Plugin 'FEEDBACK' is disabled.
2025-05-17 18:53:37 0 [Note] InnoDB: Buffer pool(s) load completed at 250517 18:53:37
2025-05-17 18:53:37 0 [Note] Server socket created on IP: '::'.
2025-05-18 16:44:02 0 [Note] Starting MariaDB 10.4.32-MariaDB source revision c4143f909528e3fab0677a28631d10389354c491 as process 26892
2025-05-18 16:44:02 0 [Note] InnoDB: Mutexes and rw_locks use Windows interlocked functions
2025-05-18 16:44:02 0 [Note] InnoDB: Uses event mutexes
2025-05-18 16:44:02 0 [Note] InnoDB: Compressed tables use zlib 1.3
2025-05-18 16:44:02 0 [Note] InnoDB: Number of pools: 1
2025-05-18 16:44:02 0 [Note] InnoDB: Using SSE2 crc32 instructions
2025-05-18 16:44:02 0 [Note] InnoDB: Initializing buffer pool, total size = 16M, instances = 1, chunk size = 16M
2025-05-18 16:44:02 0 [Note] InnoDB: Completed initialization of buffer pool
2025-05-18 16:44:02 0 [Note] InnoDB: Starting crash recovery from checkpoint LSN=1293814
2025-05-18 16:44:03 0 [Note] InnoDB: 128 out of 128 rollback segments are active.
2025-05-18 16:44:03 0 [Note] InnoDB: Removed temporary tablespace data file: "ibtmp1"
2025-05-18 16:44:03 0 [Note] InnoDB: Creating shared tablespace for temporary tables
2025-05-18 16:44:03 0 [Note] InnoDB: Setting file 'C:\xampp\mysql\data\ibtmp1' size to 12 MB. Physically writing the file full; Please wait ...
2025-05-18 16:44:03 0 [Note] InnoDB: File 'C:\xampp\mysql\data\ibtmp1' size is now 12 MB.
2025-05-18 16:44:03 0 [Note] InnoDB: Waiting for purge to start
2025-05-18 16:44:03 0 [Note] InnoDB: 10.4.32 started; log sequence number 1293839; transaction id 1671
2025-05-18 16:44:03 0 [Note] Plugin 'FEEDBACK' is disabled.
2025-05-18 16:44:03 0 [Note] InnoDB: Loading buffer pool(s) from C:\xampp\mysql\data\ib_buffer_pool
2025-05-18 16:44:03 0 [Note] InnoDB: Buffer pool(s) load completed at 250518 16:44:03
2025-05-18 16:44:03 0 [Note] Server socket created on IP: '::'.
2025-05-18 18:20:40 0 [Note] Starting MariaDB 10.4.32-MariaDB source revision c4143f909528e3fab0677a28631d10389354c491 as process 13140
2025-05-18 18:20:40 0 [Note] InnoDB: Mutexes and rw_locks use Windows interlocked functions
2025-05-18 18:20:40 0 [Note] InnoDB: Uses event mutexes
2025-05-18 18:20:40 0 [Note] InnoDB: Compressed tables use zlib 1.3
2025-05-18 18:20:40 0 [Note] InnoDB: Number of pools: 1
2025-05-18 18:20:40 0 [Note] InnoDB: Using SSE2 crc32 instructions
2025-05-18 18:20:40 0 [Note] InnoDB: Initializing buffer pool, total size = 16M, instances = 1, chunk size = 16M
2025-05-18 18:20:40 0 [Note] InnoDB: Completed initialization of buffer pool
2025-05-18 18:20:40 0 [Note] InnoDB: Starting crash recovery from checkpoint LSN=1300951
2025-05-18 18:20:40 0 [Note] InnoDB: 128 out of 128 rollback segments are active.
2025-05-18 18:20:40 0 [Note] InnoDB: Removed temporary tablespace data file: "ibtmp1"
2025-05-18 18:20:40 0 [Note] InnoDB: Creating shared tablespace for temporary tables
2025-05-18 18:20:40 0 [Note] InnoDB: Setting file 'C:\xampp\mysql\data\ibtmp1' size to 12 MB. Physically writing the file full; Please wait ...
2025-05-18 18:20:40 0 [Note] InnoDB: File 'C:\xampp\mysql\data\ibtmp1' size is now 12 MB.
2025-05-18 18:20:40 0 [Note] InnoDB: Waiting for purge to start
2025-05-18 18:20:40 0 [Note] InnoDB: 10.4.32 started; log sequence number 1300960; transaction id 1682
2025-05-18 18:20:40 0 [Note] InnoDB: Loading buffer pool(s) from C:\xampp\mysql\data\ib_buffer_pool
2025-05-18 18:20:40 0 [Note] Plugin 'FEEDBACK' is disabled.
2025-05-18 18:20:40 0 [Note] InnoDB: Buffer pool(s) load completed at 250518 18:20:40
2025-05-18 18:20:40 0 [Note] Server socket created on IP: '::'.
2025-05-19  8:52:10 0 [Note] Starting MariaDB 10.4.32-MariaDB source revision c4143f909528e3fab0677a28631d10389354c491 as process 7460
2025-05-19  8:52:10 0 [Note] InnoDB: Mutexes and rw_locks use Windows interlocked functions
2025-05-19  8:52:10 0 [Note] InnoDB: Uses event mutexes
2025-05-19  8:52:10 0 [Note] InnoDB: Compressed tables use zlib 1.3
2025-05-19  8:52:10 0 [Note] InnoDB: Number of pools: 1
2025-05-19  8:52:10 0 [Note] InnoDB: Using SSE2 crc32 instructions
2025-05-19  8:52:10 0 [Note] InnoDB: Initializing buffer pool, total size = 16M, instances = 1, chunk size = 16M
2025-05-19  8:52:10 0 [Note] InnoDB: Completed initialization of buffer pool
2025-05-19  8:52:10 0 [Note] InnoDB: Starting crash recovery from checkpoint LSN=1310947
2025-05-19  8:52:11 0 [Note] InnoDB: 128 out of 128 rollback segments are active.
2025-05-19  8:52:11 0 [Note] InnoDB: Removed temporary tablespace data file: "ibtmp1"
2025-05-19  8:52:11 0 [Note] InnoDB: Creating shared tablespace for temporary tables
2025-05-19  8:52:11 0 [Note] InnoDB: Setting file 'C:\xampp\mysql\data\ibtmp1' size to 12 MB. Physically writing the file full; Please wait ...
2025-05-19  8:52:11 0 [Note] InnoDB: File 'C:\xampp\mysql\data\ibtmp1' size is now 12 MB.
2025-05-19  8:52:11 0 [Note] InnoDB: Waiting for purge to start
2025-05-19  8:52:11 0 [Note] InnoDB: 10.4.32 started; log sequence number 1310956; transaction id 1700
2025-05-19  8:52:11 0 [Note] InnoDB: Loading buffer pool(s) from C:\xampp\mysql\data\ib_buffer_pool
2025-05-19  8:52:11 0 [Note] Plugin 'FEEDBACK' is disabled.
2025-05-19  8:52:11 0 [Note] InnoDB: Buffer pool(s) load completed at 250519  8:52:11
2025-05-19  8:52:11 0 [Note] Server socket created on IP: '::'.
2025-05-19  8:52:28 0 [Note] Starting MariaDB 10.4.32-MariaDB source revision c4143f909528e3fab0677a28631d10389354c491 as process 21080
2025-05-19  8:52:28 0 [Note] InnoDB: Mutexes and rw_locks use Windows interlocked functions
2025-05-19  8:52:28 0 [Note] InnoDB: Uses event mutexes
2025-05-19  8:52:28 0 [Note] InnoDB: Compressed tables use zlib 1.3
2025-05-19  8:52:28 0 [Note] InnoDB: Number of pools: 1
2025-05-19  8:52:28 0 [Note] InnoDB: Using SSE2 crc32 instructions
2025-05-19  8:52:28 0 [Note] InnoDB: Initializing buffer pool, total size = 16M, instances = 1, chunk size = 16M
2025-05-19  8:52:28 0 [Note] InnoDB: Completed initialization of buffer pool
2025-05-19  8:52:28 0 [Note] InnoDB: Starting crash recovery from checkpoint LSN=1310947
2025-05-19  8:52:28 0 [Note] InnoDB: 128 out of 128 rollback segments are active.
2025-05-19  8:52:28 0 [Note] InnoDB: Removed temporary tablespace data file: "ibtmp1"
2025-05-19  8:52:28 0 [Note] InnoDB: Creating shared tablespace for temporary tables
2025-05-19  8:52:28 0 [Note] InnoDB: Setting file 'C:\xampp\mysql\data\ibtmp1' size to 12 MB. Physically writing the file full; Please wait ...
2025-05-19  8:52:28 0 [Note] InnoDB: File 'C:\xampp\mysql\data\ibtmp1' size is now 12 MB.
2025-05-19  8:52:28 0 [Note] InnoDB: Waiting for purge to start
2025-05-19  8:52:28 0 [Note] InnoDB: 10.4.32 started; log sequence number 1310956; transaction id 1700
2025-05-19  8:52:28 0 [Note] InnoDB: Loading buffer pool(s) from C:\xampp\mysql\data\ib_buffer_pool
2025-05-19  8:52:28 0 [Note] Plugin 'FEEDBACK' is disabled.
2025-05-19  8:52:28 0 [Note] Server socket created on IP: '::'.
2025-05-20 10:51:53 0 [Note] Starting MariaDB 10.4.32-MariaDB source revision c4143f909528e3fab0677a28631d10389354c491 as process 15668
2025-05-20 10:51:53 0 [Note] InnoDB: Mutexes and rw_locks use Windows interlocked functions
2025-05-20 10:51:53 0 [Note] InnoDB: Uses event mutexes
2025-05-20 10:51:53 0 [Note] InnoDB: Compressed tables use zlib 1.3
2025-05-20 10:51:53 0 [Note] InnoDB: Number of pools: 1
2025-05-20 10:51:53 0 [Note] InnoDB: Using SSE2 crc32 instructions
2025-05-20 10:51:53 0 [Note] InnoDB: Initializing buffer pool, total size = 16M, instances = 1, chunk size = 16M
2025-05-20 10:51:53 0 [Note] InnoDB: Completed initialization of buffer pool
2025-05-20 10:51:53 0 [Note] InnoDB: Starting crash recovery from checkpoint LSN=2569511
2025-05-20 10:51:54 0 [Note] InnoDB: 128 out of 128 rollback segments are active.
2025-05-20 10:51:54 0 [Note] InnoDB: Removed temporary tablespace data file: "ibtmp1"
2025-05-20 10:51:54 0 [Note] InnoDB: Creating shared tablespace for temporary tables
2025-05-20 10:51:54 0 [Note] InnoDB: Setting file 'C:\xampp\mysql\data\ibtmp1' size to 12 MB. Physically writing the file full; Please wait ...
2025-05-20 10:51:54 0 [Note] InnoDB: File 'C:\xampp\mysql\data\ibtmp1' size is now 12 MB.
2025-05-20 10:51:54 0 [Note] InnoDB: Waiting for purge to start
2025-05-20 10:51:54 0 [Note] InnoDB: 10.4.32 started; log sequence number 2569520; transaction id 3481
2025-05-20 10:51:54 0 [Note] InnoDB: Loading buffer pool(s) from C:\xampp\mysql\data\ib_buffer_pool
2025-05-20 10:51:54 0 [Note] Plugin 'FEEDBACK' is disabled.
2025-05-20 10:51:54 0 [Note] InnoDB: Buffer pool(s) load completed at 250520 10:51:54
2025-05-20 10:51:54 0 [Note] Server socket created on IP: '::'.
2025-05-20 18:34:44 0 [Note] Starting MariaDB 10.4.32-MariaDB source revision c4143f909528e3fab0677a28631d10389354c491 as process 15660
2025-05-20 18:34:44 0 [Note] InnoDB: Mutexes and rw_locks use Windows interlocked functions
2025-05-20 18:34:44 0 [Note] InnoDB: Uses event mutexes
2025-05-20 18:34:44 0 [Note] InnoDB: Compressed tables use zlib 1.3
2025-05-20 18:34:44 0 [Note] InnoDB: Number of pools: 1
2025-05-20 18:34:44 0 [Note] InnoDB: Using SSE2 crc32 instructions
2025-05-20 18:34:44 0 [Note] InnoDB: Initializing buffer pool, total size = 16M, instances = 1, chunk size = 16M
2025-05-20 18:34:44 0 [Note] InnoDB: Completed initialization of buffer pool
2025-05-20 18:34:44 0 [Note] InnoDB: Starting crash recovery from checkpoint LSN=2697803
2025-05-20 18:34:45 0 [Note] InnoDB: 128 out of 128 rollback segments are active.
2025-05-20 18:34:45 0 [Note] InnoDB: Removed temporary tablespace data file: "ibtmp1"
2025-05-20 18:34:45 0 [Note] InnoDB: Creating shared tablespace for temporary tables
2025-05-20 18:34:45 0 [Note] InnoDB: Setting file 'C:\xampp\mysql\data\ibtmp1' size to 12 MB. Physically writing the file full; Please wait ...
2025-05-20 18:34:45 0 [Note] InnoDB: File 'C:\xampp\mysql\data\ibtmp1' size is now 12 MB.
2025-05-20 18:34:45 0 [Note] InnoDB: Waiting for purge to start
2025-05-20 18:34:46 0 [Note] InnoDB: 10.4.32 started; log sequence number 2697812; transaction id 3644
2025-05-20 18:34:46 0 [Note] InnoDB: Loading buffer pool(s) from C:\xampp\mysql\data\ib_buffer_pool
2025-05-20 18:34:46 0 [Note] Plugin 'FEEDBACK' is disabled.
2025-05-20 18:34:46 0 [Note] InnoDB: Buffer pool(s) load completed at 250520 18:34:46
2025-05-20 18:34:46 0 [Note] Server socket created on IP: '::'.
2025-05-22 13:18:07 0 [Note] Starting MariaDB 10.4.32-MariaDB source revision c4143f909528e3fab0677a28631d10389354c491 as process 11848
2025-05-22 13:18:08 0 [Note] InnoDB: Mutexes and rw_locks use Windows interlocked functions
2025-05-22 13:18:08 0 [Note] InnoDB: Uses event mutexes
2025-05-22 13:18:08 0 [Note] InnoDB: Compressed tables use zlib 1.3
2025-05-22 13:18:08 0 [Note] InnoDB: Number of pools: 1
2025-05-22 13:18:08 0 [Note] InnoDB: Using SSE2 crc32 instructions
2025-05-22 13:18:08 0 [Note] InnoDB: Initializing buffer pool, total size = 16M, instances = 1, chunk size = 16M
2025-05-22 13:18:08 0 [Note] InnoDB: Completed initialization of buffer pool
2025-05-22 13:18:08 0 [Note] InnoDB: Starting crash recovery from checkpoint LSN=2818990
2025-05-22 13:18:09 0 [Note] InnoDB: 128 out of 128 rollback segments are active.
2025-05-22 13:18:09 0 [Note] InnoDB: Removed temporary tablespace data file: "ibtmp1"
2025-05-22 13:18:09 0 [Note] InnoDB: Creating shared tablespace for temporary tables
2025-05-22 13:18:09 0 [Note] InnoDB: Setting file 'C:\xampp\mysql\data\ibtmp1' size to 12 MB. Physically writing the file full; Please wait ...
2025-05-22 13:18:09 0 [Note] InnoDB: File 'C:\xampp\mysql\data\ibtmp1' size is now 12 MB.
2025-05-22 13:18:09 0 [Note] InnoDB: Waiting for purge to start
2025-05-22 13:18:09 0 [Note] InnoDB: 10.4.32 started; log sequence number 2818999; transaction id 3794
2025-05-22 13:18:09 0 [Note] Plugin 'FEEDBACK' is disabled.
2025-05-22 13:18:09 0 [Note] InnoDB: Loading buffer pool(s) from C:\xampp\mysql\data\ib_buffer_pool
2025-05-22 13:18:09 0 [Note] InnoDB: Buffer pool(s) load completed at 250522 13:18:09
2025-05-22 13:18:09 0 [Note] Server socket created on IP: '::'.
2025-05-25 21:34:39 0 [Note] Starting MariaDB 10.4.32-MariaDB source revision c4143f909528e3fab0677a28631d10389354c491 as process 25396
2025-05-25 21:34:39 0 [Note] InnoDB: Mutexes and rw_locks use Windows interlocked functions
2025-05-25 21:34:39 0 [Note] InnoDB: Uses event mutexes
2025-05-25 21:34:39 0 [Note] InnoDB: Compressed tables use zlib 1.3
2025-05-25 21:34:39 0 [Note] InnoDB: Number of pools: 1
2025-05-25 21:34:39 0 [Note] InnoDB: Using SSE2 crc32 instructions
2025-05-25 21:34:39 0 [Note] InnoDB: Initializing buffer pool, total size = 16M, instances = 1, chunk size = 16M
2025-05-25 21:34:39 0 [Note] InnoDB: Completed initialization of buffer pool
2025-05-25 21:34:39 0 [Note] InnoDB: Starting crash recovery from checkpoint LSN=3078400
2025-05-25 21:34:41 0 [Note] InnoDB: 128 out of 128 rollback segments are active.
2025-05-25 21:34:41 0 [Note] InnoDB: Removed temporary tablespace data file: "ibtmp1"
2025-05-25 21:34:41 0 [Note] InnoDB: Creating shared tablespace for temporary tables
2025-05-25 21:34:41 0 [Note] InnoDB: Setting file 'C:\xampp\mysql\data\ibtmp1' size to 12 MB. Physically writing the file full; Please wait ...
2025-05-25 21:34:41 0 [Note] InnoDB: File 'C:\xampp\mysql\data\ibtmp1' size is now 12 MB.
2025-05-25 21:34:41 0 [Note] InnoDB: Waiting for purge to start
2025-05-25 21:34:41 0 [Note] InnoDB: 10.4.32 started; log sequence number 3078409; transaction id 4343
2025-05-25 21:34:41 0 [Note] Plugin 'FEEDBACK' is disabled.
2025-05-25 21:34:41 0 [Note] InnoDB: Loading buffer pool(s) from C:\xampp\mysql\data\ib_buffer_pool
2025-05-25 21:34:41 0 [Note] InnoDB: Buffer pool(s) load completed at 250525 21:34:41
2025-05-25 21:34:41 0 [Note] Server socket created on IP: '::'.
2025-05-26 10:55:48 0 [Note] Starting MariaDB 10.4.32-MariaDB source revision c4143f909528e3fab0677a28631d10389354c491 as process 7260
2025-05-26 10:55:48 0 [Note] InnoDB: Mutexes and rw_locks use Windows interlocked functions
2025-05-26 10:55:48 0 [Note] InnoDB: Uses event mutexes
2025-05-26 10:55:48 0 [Note] InnoDB: Compressed tables use zlib 1.3
2025-05-26 10:55:48 0 [Note] InnoDB: Number of pools: 1
2025-05-26 10:55:48 0 [Note] InnoDB: Using SSE2 crc32 instructions
2025-05-26 10:55:48 0 [Note] InnoDB: Initializing buffer pool, total size = 16M, instances = 1, chunk size = 16M
2025-05-26 10:55:48 0 [Note] InnoDB: Completed initialization of buffer pool
2025-05-26 10:55:48 0 [Note] InnoDB: Starting crash recovery from checkpoint LSN=3078418
2025-05-26 10:55:49 0 [Note] InnoDB: 128 out of 128 rollback segments are active.
2025-05-26 10:55:49 0 [Note] InnoDB: Removed temporary tablespace data file: "ibtmp1"
2025-05-26 10:55:49 0 [Note] InnoDB: Creating shared tablespace for temporary tables
2025-05-26 10:55:49 0 [Note] InnoDB: Setting file 'C:\xampp\mysql\data\ibtmp1' size to 12 MB. Physically writing the file full; Please wait ...
2025-05-26 10:55:49 0 [Note] InnoDB: File 'C:\xampp\mysql\data\ibtmp1' size is now 12 MB.
2025-05-26 10:55:49 0 [Note] InnoDB: Waiting for purge to start
2025-05-26 10:55:49 0 [Note] InnoDB: 10.4.32 started; log sequence number 3078427; transaction id 4343
2025-05-26 10:55:49 0 [Note] Plugin 'FEEDBACK' is disabled.
2025-05-26 10:55:49 0 [Note] InnoDB: Loading buffer pool(s) from C:\xampp\mysql\data\ib_buffer_pool
2025-05-26 10:55:50 0 [Note] InnoDB: Buffer pool(s) load completed at 250526 10:55:50
2025-05-26 10:55:50 0 [Note] Server socket created on IP: '::'.
2025-05-26 10:55:54 0 [Note] Starting MariaDB 10.4.32-MariaDB source revision c4143f909528e3fab0677a28631d10389354c491 as process 15512
2025-05-26 10:55:54 0 [Note] InnoDB: Mutexes and rw_locks use Windows interlocked functions
2025-05-26 10:55:54 0 [Note] InnoDB: Uses event mutexes
2025-05-26 10:55:54 0 [Note] InnoDB: Compressed tables use zlib 1.3
2025-05-26 10:55:54 0 [Note] InnoDB: Number of pools: 1
2025-05-26 10:55:54 0 [Note] InnoDB: Using SSE2 crc32 instructions
2025-05-26 10:55:54 0 [Note] InnoDB: Initializing buffer pool, total size = 16M, instances = 1, chunk size = 16M
2025-05-26 10:55:54 0 [Note] InnoDB: Completed initialization of buffer pool
2025-05-26 10:55:54 0 [Note] InnoDB: Starting crash recovery from checkpoint LSN=3078418
2025-05-26 10:55:54 0 [Note] InnoDB: 128 out of 128 rollback segments are active.
2025-05-26 10:55:54 0 [Note] InnoDB: Removed temporary tablespace data file: "ibtmp1"
2025-05-26 10:55:54 0 [Note] InnoDB: Creating shared tablespace for temporary tables
2025-05-26 10:55:54 0 [Note] InnoDB: Setting file 'C:\xampp\mysql\data\ibtmp1' size to 12 MB. Physically writing the file full; Please wait ...
2025-05-26 10:55:54 0 [Note] InnoDB: File 'C:\xampp\mysql\data\ibtmp1' size is now 12 MB.
2025-05-26 10:55:54 0 [Note] InnoDB: Waiting for purge to start
2025-05-26 10:55:54 0 [Note] InnoDB: 10.4.32 started; log sequence number 3078427; transaction id 4343
2025-05-26 10:55:54 0 [Note] InnoDB: Loading buffer pool(s) from C:\xampp\mysql\data\ib_buffer_pool
2025-05-26 10:55:54 0 [Note] Plugin 'FEEDBACK' is disabled.
2025-05-26 10:55:54 0 [Note] Server socket created on IP: '::'.
2025-05-27 10:41:36 0 [Note] Starting MariaDB 10.4.32-MariaDB source revision c4143f909528e3fab0677a28631d10389354c491 as process 18416
2025-05-27 10:41:36 0 [Note] InnoDB: Mutexes and rw_locks use Windows interlocked functions
2025-05-27 10:41:36 0 [Note] InnoDB: Uses event mutexes
2025-05-27 10:41:36 0 [Note] InnoDB: Compressed tables use zlib 1.3
2025-05-27 10:41:36 0 [Note] InnoDB: Number of pools: 1
2025-05-27 10:41:36 0 [Note] InnoDB: Using SSE2 crc32 instructions
2025-05-27 10:41:36 0 [Note] InnoDB: Initializing buffer pool, total size = 16M, instances = 1, chunk size = 16M
2025-05-27 10:41:36 0 [Note] InnoDB: Completed initialization of buffer pool
2025-05-27 10:41:36 0 [Note] InnoDB: Starting crash recovery from checkpoint LSN=3124078
2025-05-27 10:41:40 0 [Note] InnoDB: 128 out of 128 rollback segments are active.
2025-05-27 10:41:40 0 [Note] InnoDB: Removed temporary tablespace data file: "ibtmp1"
2025-05-27 10:41:40 0 [Note] InnoDB: Creating shared tablespace for temporary tables
2025-05-27 10:41:40 0 [Note] InnoDB: Setting file 'C:\xampp\mysql\data\ibtmp1' size to 12 MB. Physically writing the file full; Please wait ...
2025-05-27 10:41:40 0 [Note] InnoDB: File 'C:\xampp\mysql\data\ibtmp1' size is now 12 MB.
2025-05-27 10:41:40 0 [Note] InnoDB: Waiting for purge to start
2025-05-27 10:41:40 0 [Note] InnoDB: 10.4.32 started; log sequence number 3124087; transaction id 4480
2025-05-27 10:41:40 0 [Note] Plugin 'FEEDBACK' is disabled.
2025-05-27 10:41:40 0 [Note] InnoDB: Loading buffer pool(s) from C:\xampp\mysql\data\ib_buffer_pool
2025-05-27 10:41:40 0 [Note] InnoDB: Buffer pool(s) load completed at 250527 10:41:40
2025-05-27 10:41:40 0 [Note] Server socket created on IP: '::'.
2025-05-27 10:41:40 0x4570  InnoDB: Assertion failure in file D:\winx64-packages\build\src\storage\innobase\os\os0file.cc line 6132
InnoDB: Failing assertion: slot
InnoDB: We intentionally generate a memory trap.
InnoDB: Submit a detailed bug report to https://jira.mariadb.org/
InnoDB: If you get repeated assertion failures or crashes, even
InnoDB: immediately after the mysqld startup, there may be
InnoDB: corruption in the InnoDB tablespace. Please refer to
InnoDB: https://mariadb.com/kb/en/library/innodb-recovery-modes/
InnoDB: about forcing recovery.
250527 10:41:40 [ERROR] mysqld got exception 0x80000003 ;
Sorry, we probably made a mistake, and this is a bug.

Your assistance in bug reporting will enable us to fix this for the next release.
To report this bug, see https://mariadb.com/kb/en/reporting-bugs

We will try our best to scrape up some info that will hopefully help
diagnose the problem, but since we have already crashed, 
something is definitely wrong and this may fail.

Server version: 10.4.32-MariaDB source revision: c4143f909528e3fab0677a28631d10389354c491
key_buffer_size=16777216
read_buffer_size=262144
max_used_connections=0
max_threads=65537
thread_count=6
It is possible that mysqld could use up to 
key_buffer_size + (read_buffer_size + sort_buffer_size)*max_threads = 20304 K  bytes of memory
Hope that's ok; if not, decrease some variables in the equation.

Thread pointer: 0x0
Attempting backtrace. You can use the following information to find out
where mysqld died. If you see no messages after this, something went
terribly wrong...
mysqld.exe!my_parameter_handler()
ucrtbase.dll!raise()
ucrtbase.dll!abort()
mysqld.exe!?append@?$basic_string@DU?$char_traits@D@std@@V?$allocator@D@2@@std@@QEAAAEAV12@QEBD_K@Z()
mysqld.exe!?_Forced_rehash@?$_Hash@V?$_Umap_traits@PEAU_iobuf@@PEAXV?$_Uhash_compare@PEAU_iobuf@@U?$hash@PEAU_iobuf@@@std@@U?$equal_to@PEAU_iobuf@@@3@@std@@V?$allocator@U?$pair@QEAU_iobuf@@PEAX@std@@@3@$0A@@std@@@std@@IEAAX_K@Z()
mysqld.exe!?_Forced_rehash@?$_Hash@V?$_Umap_traits@PEAU_iobuf@@PEAXV?$_Uhash_compare@PEAU_iobuf@@U?$hash@PEAU_iobuf@@@std@@U?$equal_to@PEAU_iobuf@@@3@@std@@V?$allocator@U?$pair@QEAU_iobuf@@PEAX@std@@@3@$0A@@std@@@std@@IEAAX_K@Z()
mysqld.exe!pthread_dummy()
mysqld.exe!pthread_dummy()
KERNEL32.DLL!BaseThreadInitThunk()
ntdll.dll!RtlUserThreadStart()
The manual page at https://mariadb.com/kb/en/how-to-produce-a-full-stack-trace-for-mariadbd/ contains
information that should help you find out what is causing the crash.
Writing a core file at C:\xampp\mysql\data
Minidump written to C:\xampp\mysql\data\mysqld.dmp
2025-05-27 10:41:41 0 [Note] Reading of all Master_info entries succeeded
2025-05-27 10:41:41 0 [Note] Added new Master_info '' to hash table
2025-05-27 10:41:41 0 [Note] c:\xampp\mysql\bin\mysqld.exe: ready for connections.
Version: '10.4.32-MariaDB'  socket: ''  port: 3307  mariadb.org binary distribution
2025-05-27 10:42:20 0 [Note] Starting MariaDB 10.4.32-MariaDB source revision c4143f909528e3fab0677a28631d10389354c491 as process 9932
2025-05-27 10:42:20 0 [Note] InnoDB: Mutexes and rw_locks use Windows interlocked functions
2025-05-27 10:42:20 0 [Note] InnoDB: Uses event mutexes
2025-05-27 10:42:20 0 [Note] InnoDB: Compressed tables use zlib 1.3
2025-05-27 10:42:20 0 [Note] InnoDB: Number of pools: 1
2025-05-27 10:42:20 0 [Note] InnoDB: Using SSE2 crc32 instructions
2025-05-27 10:42:20 0 [Note] InnoDB: Initializing buffer pool, total size = 16M, instances = 1, chunk size = 16M
2025-05-27 10:42:20 0 [Note] InnoDB: Completed initialization of buffer pool
2025-05-27 10:42:20 0 [Note] InnoDB: Starting crash recovery from checkpoint LSN=3124096
2025-05-27 10:42:21 0 [Note] InnoDB: 128 out of 128 rollback segments are active.
2025-05-27 10:42:21 0 [Note] InnoDB: Removed temporary tablespace data file: "ibtmp1"
2025-05-27 10:42:21 0 [Note] InnoDB: Creating shared tablespace for temporary tables
2025-05-27 10:42:21 0 [Note] InnoDB: Setting file 'C:\xampp\mysql\data\ibtmp1' size to 12 MB. Physically writing the file full; Please wait ...
2025-05-27 10:42:21 0 [Note] InnoDB: File 'C:\xampp\mysql\data\ibtmp1' size is now 12 MB.
2025-05-27 10:42:21 0 [Note] InnoDB: Waiting for purge to start
2025-05-27 10:42:21 0 [Note] InnoDB: Waiting for purge to start
2025-05-27 10:42:21 0 [Note] InnoDB: 10.4.32 started; log sequence number 3124105; transaction id 4480
2025-05-27 10:42:21 0 [Note] InnoDB: Loading buffer pool(s) from C:\xampp\mysql\data\ib_buffer_pool
2025-05-27 10:42:21 0 [Note] InnoDB: Buffer pool(s) load completed at 250527 10:42:21
2025-05-27 10:42:21 0 [Note] Plugin 'FEEDBACK' is disabled.
2025-05-27 10:42:21 0 [Note] Server socket created on IP: '::'.
2025-05-27 10:42:21 0 [Note] Reading of all Master_info entries succeeded
2025-05-27 10:42:21 0 [Note] Added new Master_info '' to hash table
2025-05-27 10:42:21 0 [Note] c:\xampp\mysql\bin\mysqld.exe: ready for connections.
Version: '10.4.32-MariaDB'  socket: ''  port: 3307  mariadb.org binary distribution
2025-05-28 14:33:46 0 [Note] Starting MariaDB 10.4.32-MariaDB source revision c4143f909528e3fab0677a28631d10389354c491 as process 2552
2025-05-28 14:33:46 0 [Note] InnoDB: Mutexes and rw_locks use Windows interlocked functions
2025-05-28 14:33:46 0 [Note] InnoDB: Uses event mutexes
2025-05-28 14:33:46 0 [Note] InnoDB: Compressed tables use zlib 1.3
2025-05-28 14:33:46 0 [Note] InnoDB: Number of pools: 1
2025-05-28 14:33:46 0 [Note] InnoDB: Using SSE2 crc32 instructions
2025-05-28 14:33:46 0 [Note] InnoDB: Initializing buffer pool, total size = 16M, instances = 1, chunk size = 16M
2025-05-28 14:33:46 0 [Note] InnoDB: Completed initialization of buffer pool
2025-05-28 14:33:46 0 [Note] InnoDB: Starting crash recovery from checkpoint LSN=3306116
2025-05-28 14:33:48 0 [Note] InnoDB: 128 out of 128 rollback segments are active.
2025-05-28 14:33:48 0 [Note] InnoDB: Removed temporary tablespace data file: "ibtmp1"
2025-05-28 14:33:48 0 [Note] InnoDB: Creating shared tablespace for temporary tables
2025-05-28 14:33:48 0 [Note] InnoDB: Setting file 'C:\xampp\mysql\data\ibtmp1' size to 12 MB. Physically writing the file full; Please wait ...
2025-05-28 14:33:48 0 [Note] InnoDB: File 'C:\xampp\mysql\data\ibtmp1' size is now 12 MB.
2025-05-28 14:33:48 0 [Note] InnoDB: Waiting for purge to start
2025-05-28 14:33:48 0 [Note] InnoDB: 10.4.32 started; log sequence number 3306125; transaction id 4794
2025-05-28 14:33:48 0 [Note] InnoDB: Loading buffer pool(s) from C:\xampp\mysql\data\ib_buffer_pool
2025-05-28 14:33:48 0 [Note] Plugin 'FEEDBACK' is disabled.
2025-05-28 14:33:48 0 [Note] InnoDB: Buffer pool(s) load completed at 250528 14:33:48
2025-05-28 14:33:48 0 [Note] Server socket created on IP: '::'.
2025-05-30 14:11:09 0 [Note] Starting MariaDB 10.4.32-MariaDB source revision c4143f909528e3fab0677a28631d10389354c491 as process 6160
2025-05-30 14:11:09 0 [Note] InnoDB: Mutexes and rw_locks use Windows interlocked functions
2025-05-30 14:11:09 0 [Note] InnoDB: Uses event mutexes
2025-05-30 14:11:09 0 [Note] InnoDB: Compressed tables use zlib 1.3
2025-05-30 14:11:09 0 [Note] InnoDB: Number of pools: 1
2025-05-30 14:11:09 0 [Note] InnoDB: Using SSE2 crc32 instructions
2025-05-30 14:11:09 0 [Note] InnoDB: Initializing buffer pool, total size = 16M, instances = 1, chunk size = 16M
2025-05-30 14:11:09 0 [Note] InnoDB: Completed initialization of buffer pool
2025-05-30 14:11:09 0 [Note] InnoDB: Starting crash recovery from checkpoint LSN=3306134
2025-05-30 14:11:11 0 [Note] InnoDB: 128 out of 128 rollback segments are active.
2025-05-30 14:11:11 0 [Note] InnoDB: Removed temporary tablespace data file: "ibtmp1"
2025-05-30 14:11:11 0 [Note] InnoDB: Creating shared tablespace for temporary tables
2025-05-30 14:11:11 0 [Note] InnoDB: Setting file 'C:\xampp\mysql\data\ibtmp1' size to 12 MB. Physically writing the file full; Please wait ...
2025-05-30 14:11:11 0 [Note] InnoDB: File 'C:\xampp\mysql\data\ibtmp1' size is now 12 MB.
2025-05-30 14:11:11 0 [Note] InnoDB: Waiting for purge to start
2025-05-30 14:11:11 0 [Note] InnoDB: 10.4.32 started; log sequence number 3306143; transaction id 4794
2025-05-30 14:11:11 0 [Note] InnoDB: Loading buffer pool(s) from C:\xampp\mysql\data\ib_buffer_pool
2025-05-30 14:11:11 0 [Note] InnoDB: Buffer pool(s) load completed at 250530 14:11:11
2025-05-30 14:11:11 0 [Note] Plugin 'FEEDBACK' is disabled.
2025-05-30 14:11:11 0 [Note] Server socket created on IP: '::'.
2025-06-02  9:05:11 0 [Note] Starting MariaDB 10.4.32-MariaDB source revision c4143f909528e3fab0677a28631d10389354c491 as process 20340
2025-06-02  9:05:11 0 [Note] InnoDB: Mutexes and rw_locks use Windows interlocked functions
2025-06-02  9:05:11 0 [Note] InnoDB: Uses event mutexes
2025-06-02  9:05:11 0 [Note] InnoDB: Compressed tables use zlib 1.3
2025-06-02  9:05:11 0 [Note] InnoDB: Number of pools: 1
2025-06-02  9:05:11 0 [Note] InnoDB: Using SSE2 crc32 instructions
2025-06-02  9:05:11 0 [Note] InnoDB: Initializing buffer pool, total size = 16M, instances = 1, chunk size = 16M
2025-06-02  9:05:11 0 [Note] InnoDB: Completed initialization of buffer pool
2025-06-02  9:05:11 0 [Note] InnoDB: Starting crash recovery from checkpoint LSN=3597976
2025-06-02  9:05:12 0 [Note] InnoDB: 128 out of 128 rollback segments are active.
2025-06-02  9:05:12 0 [Note] InnoDB: Removed temporary tablespace data file: "ibtmp1"
2025-06-02  9:05:12 0 [Note] InnoDB: Creating shared tablespace for temporary tables
2025-06-02  9:05:12 0 [Note] InnoDB: Setting file 'C:\xampp\mysql\data\ibtmp1' size to 12 MB. Physically writing the file full; Please wait ...
2025-06-02  9:05:12 0 [Note] InnoDB: File 'C:\xampp\mysql\data\ibtmp1' size is now 12 MB.
2025-06-02  9:05:12 0 [Note] InnoDB: Waiting for purge to start
2025-06-02  9:05:12 0 [Note] InnoDB: 10.4.32 started; log sequence number 3597985; transaction id 5277
2025-06-02  9:05:12 0 [Note] InnoDB: Loading buffer pool(s) from C:\xampp\mysql\data\ib_buffer_pool
2025-06-02  9:05:12 0 [Note] Plugin 'FEEDBACK' is disabled.
2025-06-02  9:05:12 0 [Note] InnoDB: Buffer pool(s) load completed at 250602  9:05:12
2025-06-02  9:05:12 0 [Note] Server socket created on IP: '::'.
2025-06-02  9:05:14 0 [Note] Starting MariaDB 10.4.32-MariaDB source revision c4143f909528e3fab0677a28631d10389354c491 as process 9604
2025-06-02  9:05:14 0 [Note] InnoDB: Mutexes and rw_locks use Windows interlocked functions
2025-06-02  9:05:14 0 [Note] InnoDB: Uses event mutexes
2025-06-02  9:05:14 0 [Note] InnoDB: Compressed tables use zlib 1.3
2025-06-02  9:05:14 0 [Note] InnoDB: Number of pools: 1
2025-06-02  9:05:14 0 [Note] InnoDB: Using SSE2 crc32 instructions
2025-06-02  9:05:14 0 [Note] InnoDB: Initializing buffer pool, total size = 16M, instances = 1, chunk size = 16M
2025-06-02  9:05:14 0 [Note] InnoDB: Completed initialization of buffer pool
2025-06-02  9:05:14 0 [Note] InnoDB: Starting crash recovery from checkpoint LSN=3597976
2025-06-02  9:05:15 0 [Note] InnoDB: 128 out of 128 rollback segments are active.
2025-06-02  9:05:15 0 [Note] InnoDB: Removed temporary tablespace data file: "ibtmp1"
2025-06-02  9:05:15 0 [Note] InnoDB: Creating shared tablespace for temporary tables
2025-06-02  9:05:15 0 [Note] InnoDB: Setting file 'C:\xampp\mysql\data\ibtmp1' size to 12 MB. Physically writing the file full; Please wait ...
2025-06-02  9:05:15 0 [Note] InnoDB: File 'C:\xampp\mysql\data\ibtmp1' size is now 12 MB.
2025-06-02  9:05:15 0 [Note] InnoDB: Waiting for purge to start
2025-06-02  9:05:15 0 [Note] InnoDB: 10.4.32 started; log sequence number 3597994; transaction id 5277
2025-06-02  9:05:15 0 [Note] InnoDB: Loading buffer pool(s) from C:\xampp\mysql\data\ib_buffer_pool
2025-06-02  9:05:15 0 [Note] Plugin 'FEEDBACK' is disabled.
2025-06-02  9:05:15 0 [Note] Server socket created on IP: '::'.
2025-06-03 21:32:04 0 [Note] Starting MariaDB 10.4.32-MariaDB source revision c4143f909528e3fab0677a28631d10389354c491 as process 14948
2025-06-03 21:32:04 0 [Note] InnoDB: Mutexes and rw_locks use Windows interlocked functions
2025-06-03 21:32:04 0 [Note] InnoDB: Uses event mutexes
2025-06-03 21:32:04 0 [Note] InnoDB: Compressed tables use zlib 1.3
2025-06-03 21:32:04 0 [Note] InnoDB: Number of pools: 1
2025-06-03 21:32:04 0 [Note] InnoDB: Using SSE2 crc32 instructions
2025-06-03 21:32:04 0 [Note] InnoDB: Initializing buffer pool, total size = 16M, instances = 1, chunk size = 16M
2025-06-03 21:32:04 0 [Note] InnoDB: Completed initialization of buffer pool
2025-06-03 21:32:05 0 [Note] InnoDB: 128 out of 128 rollback segments are active.
2025-06-03 21:32:05 0 [Note] InnoDB: Creating shared tablespace for temporary tables
2025-06-03 21:32:05 0 [Note] InnoDB: Setting file 'C:\xampp\mysql\data\ibtmp1' size to 12 MB. Physically writing the file full; Please wait ...
2025-06-03 21:32:05 0 [Note] InnoDB: File 'C:\xampp\mysql\data\ibtmp1' size is now 12 MB.
2025-06-03 21:32:05 0 [Note] InnoDB: Waiting for purge to start
2025-06-03 21:32:05 0 [Note] InnoDB: 10.4.32 started; log sequence number 3598003; transaction id 5277
2025-06-03 21:32:05 0 [Note] Plugin 'FEEDBACK' is disabled.
2025-06-03 21:32:05 0 [Note] InnoDB: Loading buffer pool(s) from C:\xampp\mysql\data\ib_buffer_pool
2025-06-03 21:32:05 0 [Note] InnoDB: Buffer pool(s) load completed at 250603 21:32:05
2025-06-03 21:32:05 0 [Note] Server socket created on IP: '::'.
2025-06-03 21:32:08 0 [Note] Starting MariaDB 10.4.32-MariaDB source revision c4143f909528e3fab0677a28631d10389354c491 as process 19264
2025-06-03 21:32:08 0 [Note] InnoDB: Mutexes and rw_locks use Windows interlocked functions
2025-06-03 21:32:08 0 [Note] InnoDB: Uses event mutexes
2025-06-03 21:32:08 0 [Note] InnoDB: Compressed tables use zlib 1.3
2025-06-03 21:32:08 0 [Note] InnoDB: Number of pools: 1
2025-06-03 21:32:08 0 [Note] InnoDB: Using SSE2 crc32 instructions
2025-06-03 21:32:08 0 [Note] InnoDB: Initializing buffer pool, total size = 16M, instances = 1, chunk size = 16M
2025-06-03 21:32:08 0 [Note] InnoDB: Completed initialization of buffer pool
2025-06-03 21:32:08 0 [Note] InnoDB: 128 out of 128 rollback segments are active.
2025-06-03 21:32:08 0 [Note] InnoDB: Removed temporary tablespace data file: "ibtmp1"
2025-06-03 21:32:08 0 [Note] InnoDB: Creating shared tablespace for temporary tables
2025-06-03 21:32:08 0 [Note] InnoDB: Setting file 'C:\xampp\mysql\data\ibtmp1' size to 12 MB. Physically writing the file full; Please wait ...
2025-06-03 21:32:08 0 [Note] InnoDB: File 'C:\xampp\mysql\data\ibtmp1' size is now 12 MB.
2025-06-03 21:32:08 0 [Note] InnoDB: Waiting for purge to start
2025-06-03 21:32:08 0 [Note] InnoDB: 10.4.32 started; log sequence number 3598003; transaction id 5277
2025-06-03 21:32:08 0 [Note] InnoDB: Loading buffer pool(s) from C:\xampp\mysql\data\ib_buffer_pool
2025-06-03 21:32:08 0 [Note] Plugin 'FEEDBACK' is disabled.
2025-06-03 21:32:08 0 [Note] Server socket created on IP: '::'.
2025-06-03 21:32:11 0 [Note] Starting MariaDB 10.4.32-MariaDB source revision c4143f909528e3fab0677a28631d10389354c491 as process 3956
2025-06-03 21:32:11 0 [Note] InnoDB: Mutexes and rw_locks use Windows interlocked functions
2025-06-03 21:32:11 0 [Note] InnoDB: Uses event mutexes
2025-06-03 21:32:11 0 [Note] InnoDB: Compressed tables use zlib 1.3
2025-06-03 21:32:11 0 [Note] InnoDB: Number of pools: 1
2025-06-03 21:32:11 0 [Note] InnoDB: Using SSE2 crc32 instructions
2025-06-03 21:32:11 0 [Note] InnoDB: Initializing buffer pool, total size = 16M, instances = 1, chunk size = 16M
2025-06-03 21:32:11 0 [Note] InnoDB: Completed initialization of buffer pool
2025-06-03 21:32:11 0 [Note] InnoDB: 128 out of 128 rollback segments are active.
2025-06-03 21:32:11 0 [Note] InnoDB: Creating shared tablespace for temporary tables
2025-06-03 21:32:11 0 [Note] InnoDB: Setting file 'C:\xampp\mysql\data\ibtmp1' size to 12 MB. Physically writing the file full; Please wait ...
2025-06-03 21:32:11 0 [Note] InnoDB: File 'C:\xampp\mysql\data\ibtmp1' size is now 12 MB.
2025-06-03 21:32:11 0 [Note] InnoDB: Waiting for purge to start
2025-06-03 21:32:12 0 [Note] InnoDB: 10.4.32 started; log sequence number 3598012; transaction id 5277
2025-06-03 21:32:12 0 [Note] InnoDB: Loading buffer pool(s) from C:\xampp\mysql\data\ib_buffer_pool
2025-06-03 21:32:12 0 [Note] Plugin 'FEEDBACK' is disabled.
2025-06-03 21:32:12 0 [Note] Server socket created on IP: '::'.
2025-06-03 21:32:12 0 [Note] InnoDB: Buffer pool(s) load completed at 250603 21:32:12
2025-06-03 21:35:27 0 [Note] Starting MariaDB 10.4.32-MariaDB source revision c4143f909528e3fab0677a28631d10389354c491 as process 19396
2025-06-03 21:35:27 0 [Note] InnoDB: Mutexes and rw_locks use Windows interlocked functions
2025-06-03 21:35:27 0 [Note] InnoDB: Uses event mutexes
2025-06-03 21:35:27 0 [Note] InnoDB: Compressed tables use zlib 1.3
2025-06-03 21:35:27 0 [Note] InnoDB: Number of pools: 1
2025-06-03 21:35:27 0 [Note] InnoDB: Using SSE2 crc32 instructions
2025-06-03 21:35:27 0 [Note] InnoDB: Initializing buffer pool, total size = 16M, instances = 1, chunk size = 16M
2025-06-03 21:35:27 0 [Note] InnoDB: Completed initialization of buffer pool
2025-06-03 21:35:27 0 [Note] InnoDB: 128 out of 128 rollback segments are active.
2025-06-03 21:35:27 0 [Note] InnoDB: Creating shared tablespace for temporary tables
2025-06-03 21:35:27 0 [Note] InnoDB: Setting file 'C:\xampp\mysql\data\ibtmp1' size to 12 MB. Physically writing the file full; Please wait ...
2025-06-03 21:35:27 0 [Note] InnoDB: File 'C:\xampp\mysql\data\ibtmp1' size is now 12 MB.
2025-06-03 21:35:27 0 [Note] InnoDB: Waiting for purge to start
2025-06-03 21:35:27 0 [Note] InnoDB: 10.4.32 started; log sequence number 3598021; transaction id 5277
2025-06-03 21:35:27 0 [Note] InnoDB: Loading buffer pool(s) from C:\xampp\mysql\data\ib_buffer_pool
2025-06-03 21:35:27 0 [Note] Plugin 'FEEDBACK' is disabled.
2025-06-03 21:35:27 0 [Note] Server socket created on IP: '::'.
2025-06-03 21:35:36 0 [Note] Starting MariaDB 10.4.32-MariaDB source revision c4143f909528e3fab0677a28631d10389354c491 as process 10508
2025-06-03 21:35:36 0 [Note] InnoDB: Mutexes and rw_locks use Windows interlocked functions
2025-06-03 21:35:36 0 [Note] InnoDB: Uses event mutexes
2025-06-03 21:35:36 0 [Note] InnoDB: Compressed tables use zlib 1.3
2025-06-03 21:35:36 0 [Note] InnoDB: Number of pools: 1
2025-06-03 21:35:36 0 [Note] InnoDB: Using SSE2 crc32 instructions
2025-06-03 21:35:36 0 [Note] InnoDB: Initializing buffer pool, total size = 16M, instances = 1, chunk size = 16M
2025-06-03 21:35:36 0 [Note] InnoDB: Completed initialization of buffer pool
2025-06-03 21:35:36 0 [Note] InnoDB: 128 out of 128 rollback segments are active.
2025-06-03 21:35:36 0 [Note] InnoDB: Removed temporary tablespace data file: "ibtmp1"
2025-06-03 21:35:36 0 [Note] InnoDB: Creating shared tablespace for temporary tables
2025-06-03 21:35:36 0 [Note] InnoDB: Setting file 'C:\xampp\mysql\data\ibtmp1' size to 12 MB. Physically writing the file full; Please wait ...
2025-06-03 21:35:36 0 [Note] InnoDB: File 'C:\xampp\mysql\data\ibtmp1' size is now 12 MB.
2025-06-03 21:35:36 0 [Note] InnoDB: Waiting for purge to start
2025-06-03 21:35:36 0 [Note] InnoDB: 10.4.32 started; log sequence number 3598021; transaction id 5277
2025-06-03 21:35:36 0 [Note] InnoDB: Loading buffer pool(s) from C:\xampp\mysql\data\ib_buffer_pool
2025-06-03 21:35:36 0 [Note] Plugin 'FEEDBACK' is disabled.
2025-06-03 21:35:36 0 [Note] Server socket created on IP: '::'.
2025-06-03 21:35:40 0 [Note] Starting MariaDB 10.4.32-MariaDB source revision c4143f909528e3fab0677a28631d10389354c491 as process 1980
2025-06-03 21:35:40 0 [Note] InnoDB: Mutexes and rw_locks use Windows interlocked functions
2025-06-03 21:35:40 0 [Note] InnoDB: Uses event mutexes
2025-06-03 21:35:40 0 [Note] InnoDB: Compressed tables use zlib 1.3
2025-06-03 21:35:40 0 [Note] InnoDB: Number of pools: 1
2025-06-03 21:35:40 0 [Note] InnoDB: Using SSE2 crc32 instructions
2025-06-03 21:35:40 0 [Note] InnoDB: Initializing buffer pool, total size = 16M, instances = 1, chunk size = 16M
2025-06-03 21:35:40 0 [Note] InnoDB: Completed initialization of buffer pool
2025-06-03 21:35:40 0 [Note] InnoDB: 128 out of 128 rollback segments are active.
2025-06-03 21:35:40 0 [Note] InnoDB: Creating shared tablespace for temporary tables
2025-06-03 21:35:40 0 [Note] InnoDB: Setting file 'C:\xampp\mysql\data\ibtmp1' size to 12 MB. Physically writing the file full; Please wait ...
2025-06-03 21:35:40 0 [Note] InnoDB: File 'C:\xampp\mysql\data\ibtmp1' size is now 12 MB.
2025-06-03 21:35:40 0 [Note] InnoDB: Waiting for purge to start
2025-06-03 21:35:40 0 [Note] InnoDB: 10.4.32 started; log sequence number 3598030; transaction id 5277
2025-06-03 21:35:40 0 [Note] InnoDB: Loading buffer pool(s) from C:\xampp\mysql\data\ib_buffer_pool
2025-06-03 21:35:40 0 [Note] Plugin 'FEEDBACK' is disabled.
2025-06-03 21:35:40 0 [Note] Server socket created on IP: '::'.
2025-06-03 21:36:48 0 [Note] Starting MariaDB 10.4.32-MariaDB source revision c4143f909528e3fab0677a28631d10389354c491 as process 11704
2025-06-03 21:36:48 0 [Note] InnoDB: Mutexes and rw_locks use Windows interlocked functions
2025-06-03 21:36:48 0 [Note] InnoDB: Uses event mutexes
2025-06-03 21:36:48 0 [Note] InnoDB: Compressed tables use zlib 1.3
2025-06-03 21:36:48 0 [Note] InnoDB: Number of pools: 1
2025-06-03 21:36:48 0 [Note] InnoDB: Using SSE2 crc32 instructions
2025-06-03 21:36:48 0 [Note] InnoDB: Initializing buffer pool, total size = 16M, instances = 1, chunk size = 16M
2025-06-03 21:36:48 0 [Note] InnoDB: Completed initialization of buffer pool
2025-06-03 21:36:48 0 [Note] InnoDB: 128 out of 128 rollback segments are active.
2025-06-03 21:36:48 0 [Note] InnoDB: Creating shared tablespace for temporary tables
2025-06-03 21:36:48 0 [Note] InnoDB: Setting file 'C:\xampp\mysql\data\ibtmp1' size to 12 MB. Physically writing the file full; Please wait ...
2025-06-03 21:36:48 0 [Note] InnoDB: File 'C:\xampp\mysql\data\ibtmp1' size is now 12 MB.
2025-06-03 21:36:48 0 [Note] InnoDB: Waiting for purge to start
2025-06-03 21:36:48 0 [Note] InnoDB: 10.4.32 started; log sequence number 3598039; transaction id 5277
2025-06-03 21:36:48 0 [Note] InnoDB: Loading buffer pool(s) from C:\xampp\mysql\data\ib_buffer_pool
2025-06-03 21:36:48 0 [Note] Plugin 'FEEDBACK' is disabled.
2025-06-03 21:36:48 0 [Note] Server socket created on IP: '::'.
2025-06-03 21:36:50 0 [Note] Starting MariaDB 10.4.32-MariaDB source revision c4143f909528e3fab0677a28631d10389354c491 as process 21288
2025-06-03 21:36:50 0 [Note] InnoDB: Mutexes and rw_locks use Windows interlocked functions
2025-06-03 21:36:50 0 [Note] InnoDB: Uses event mutexes
2025-06-03 21:36:50 0 [Note] InnoDB: Compressed tables use zlib 1.3
2025-06-03 21:36:50 0 [Note] InnoDB: Number of pools: 1
2025-06-03 21:36:50 0 [Note] InnoDB: Using SSE2 crc32 instructions
2025-06-03 21:36:50 0 [Note] InnoDB: Initializing buffer pool, total size = 16M, instances = 1, chunk size = 16M
2025-06-03 21:36:50 0 [Note] InnoDB: Completed initialization of buffer pool
2025-06-03 21:36:50 0 [Note] InnoDB: 128 out of 128 rollback segments are active.
2025-06-03 21:36:50 0 [Note] InnoDB: Creating shared tablespace for temporary tables
2025-06-03 21:36:50 0 [Note] InnoDB: Setting file 'C:\xampp\mysql\data\ibtmp1' size to 12 MB. Physically writing the file full; Please wait ...
2025-06-03 21:36:50 0 [Note] InnoDB: File 'C:\xampp\mysql\data\ibtmp1' size is now 12 MB.
2025-06-03 21:36:50 0 [Note] InnoDB: Waiting for purge to start
2025-06-03 21:36:50 0 [Note] InnoDB: 10.4.32 started; log sequence number 3598048; transaction id 5277
2025-06-03 21:36:50 0 [Note] InnoDB: Loading buffer pool(s) from C:\xampp\mysql\data\ib_buffer_pool
2025-06-03 21:36:50 0 [Note] Plugin 'FEEDBACK' is disabled.
2025-06-03 21:36:50 0 [Note] Server socket created on IP: '::'.
2025-06-03 21:37:03 0 [Note] Starting MariaDB 10.4.32-MariaDB source revision c4143f909528e3fab0677a28631d10389354c491 as process 19128
2025-06-03 21:37:03 0 [Note] InnoDB: Mutexes and rw_locks use Windows interlocked functions
2025-06-03 21:37:03 0 [Note] InnoDB: Uses event mutexes
2025-06-03 21:37:03 0 [Note] InnoDB: Compressed tables use zlib 1.3
2025-06-03 21:37:03 0 [Note] InnoDB: Number of pools: 1
2025-06-03 21:37:03 0 [Note] InnoDB: Using SSE2 crc32 instructions
2025-06-03 21:37:03 0 [Note] InnoDB: Initializing buffer pool, total size = 16M, instances = 1, chunk size = 16M
2025-06-03 21:37:03 0 [Note] InnoDB: Completed initialization of buffer pool
2025-06-03 21:37:03 0 [Note] InnoDB: 128 out of 128 rollback segments are active.
2025-06-03 21:37:03 0 [Note] InnoDB: Creating shared tablespace for temporary tables
2025-06-03 21:37:03 0 [Note] InnoDB: Setting file 'C:\xampp\mysql\data\ibtmp1' size to 12 MB. Physically writing the file full; Please wait ...
2025-06-03 21:37:03 0 [Note] InnoDB: File 'C:\xampp\mysql\data\ibtmp1' size is now 12 MB.
2025-06-03 21:37:03 0 [Note] InnoDB: Waiting for purge to start
2025-06-03 21:37:03 0 [Note] InnoDB: 10.4.32 started; log sequence number 3598057; transaction id 5277
2025-06-03 21:37:03 0 [Note] InnoDB: Loading buffer pool(s) from C:\xampp\mysql\data\ib_buffer_pool
2025-06-03 21:37:03 0 [Note] Plugin 'FEEDBACK' is disabled.
2025-06-03 21:37:03 0 [Note] Server socket created on IP: '::'.
2025-06-03 21:37:40 0 [Note] Starting MariaDB 10.4.32-MariaDB source revision c4143f909528e3fab0677a28631d10389354c491 as process 10012
2025-06-03 21:37:40 0 [Note] InnoDB: Mutexes and rw_locks use Windows interlocked functions
2025-06-03 21:37:40 0 [Note] InnoDB: Uses event mutexes
2025-06-03 21:37:40 0 [Note] InnoDB: Compressed tables use zlib 1.3
2025-06-03 21:37:40 0 [Note] InnoDB: Number of pools: 1
2025-06-03 21:37:40 0 [Note] InnoDB: Using SSE2 crc32 instructions
2025-06-03 21:37:40 0 [Note] InnoDB: Initializing buffer pool, total size = 16M, instances = 1, chunk size = 16M
2025-06-03 21:37:40 0 [Note] InnoDB: Completed initialization of buffer pool
2025-06-03 21:37:40 0 [Note] InnoDB: 128 out of 128 rollback segments are active.
2025-06-03 21:37:40 0 [Note] InnoDB: Creating shared tablespace for temporary tables
2025-06-03 21:37:40 0 [Note] InnoDB: Setting file 'C:\xampp\mysql\data\ibtmp1' size to 12 MB. Physically writing the file full; Please wait ...
2025-06-03 21:37:40 0 [Note] InnoDB: File 'C:\xampp\mysql\data\ibtmp1' size is now 12 MB.
2025-06-03 21:37:40 0 [Note] InnoDB: Waiting for purge to start
2025-06-03 21:37:40 0 [Note] InnoDB: 10.4.32 started; log sequence number 3598066; transaction id 5277
2025-06-03 21:37:40 0 [Note] InnoDB: Loading buffer pool(s) from C:\xampp\mysql\data\ib_buffer_pool
2025-06-03 21:37:40 0 [Note] Plugin 'FEEDBACK' is disabled.
2025-06-03 21:37:40 0 [Note] Server socket created on IP: '::'.
2025-06-03 21:39:34 0 [Note] Starting MariaDB 10.4.32-MariaDB source revision c4143f909528e3fab0677a28631d10389354c491 as process 4016
2025-06-03 21:39:34 0 [Note] InnoDB: Mutexes and rw_locks use Windows interlocked functions
2025-06-03 21:39:34 0 [Note] InnoDB: Uses event mutexes
2025-06-03 21:39:34 0 [Note] InnoDB: Compressed tables use zlib 1.3
2025-06-03 21:39:34 0 [Note] InnoDB: Number of pools: 1
2025-06-03 21:39:34 0 [Note] InnoDB: Using SSE2 crc32 instructions
2025-06-03 21:39:34 0 [Note] InnoDB: Initializing buffer pool, total size = 16M, instances = 1, chunk size = 16M
2025-06-03 21:39:34 0 [Note] InnoDB: Completed initialization of buffer pool
2025-06-03 21:39:34 0 [Note] InnoDB: 128 out of 128 rollback segments are active.
2025-06-03 21:39:34 0 [Note] InnoDB: Removed temporary tablespace data file: "ibtmp1"
2025-06-03 21:39:34 0 [Note] InnoDB: Creating shared tablespace for temporary tables
2025-06-03 21:39:34 0 [Note] InnoDB: Setting file 'C:\xampp\mysql\data\ibtmp1' size to 12 MB. Physically writing the file full; Please wait ...
2025-06-03 21:39:34 0 [Note] InnoDB: File 'C:\xampp\mysql\data\ibtmp1' size is now 12 MB.
2025-06-03 21:39:34 0 [Note] InnoDB: Waiting for purge to start
2025-06-03 21:39:35 0 [Note] InnoDB: 10.4.32 started; log sequence number 3598075; transaction id 5277
2025-06-03 21:39:35 0 [Note] InnoDB: Loading buffer pool(s) from C:\xampp\mysql\data\ib_buffer_pool
2025-06-03 21:39:35 0 [Note] Plugin 'FEEDBACK' is disabled.
2025-06-03 21:39:35 0 [Note] InnoDB: Buffer pool(s) load completed at 250603 21:39:35
2025-06-03 21:39:35 0 [Note] Server socket created on IP: '::'.
2025-06-03 21:39:59 0 [Note] Starting MariaDB 10.4.32-MariaDB source revision c4143f909528e3fab0677a28631d10389354c491 as process 3168
2025-06-03 21:39:59 0 [Note] InnoDB: Mutexes and rw_locks use Windows interlocked functions
2025-06-03 21:39:59 0 [Note] InnoDB: Uses event mutexes
2025-06-03 21:39:59 0 [Note] InnoDB: Compressed tables use zlib 1.3
2025-06-03 21:39:59 0 [Note] InnoDB: Number of pools: 1
2025-06-03 21:39:59 0 [Note] InnoDB: Using SSE2 crc32 instructions
2025-06-03 21:39:59 0 [Note] InnoDB: Initializing buffer pool, total size = 16M, instances = 1, chunk size = 16M
2025-06-03 21:39:59 0 [Note] InnoDB: Completed initialization of buffer pool
2025-06-03 21:39:59 0 [Note] InnoDB: 128 out of 128 rollback segments are active.
2025-06-03 21:39:59 0 [Note] InnoDB: Creating shared tablespace for temporary tables
2025-06-03 21:39:59 0 [Note] InnoDB: Setting file 'C:\xampp\mysql\data\ibtmp1' size to 12 MB. Physically writing the file full; Please wait ...
2025-06-03 21:39:59 0 [Note] InnoDB: File 'C:\xampp\mysql\data\ibtmp1' size is now 12 MB.
2025-06-03 21:39:59 0 [Note] InnoDB: Waiting for purge to start
2025-06-03 21:39:59 0 [Note] InnoDB: 10.4.32 started; log sequence number 3598084; transaction id 5277
2025-06-03 21:39:59 0 [Note] InnoDB: Loading buffer pool(s) from C:\xampp\mysql\data\ib_buffer_pool
2025-06-03 21:39:59 0 [Note] Plugin 'FEEDBACK' is disabled.
2025-06-03 21:39:59 0 [Note] Server socket created on IP: '::'.
2025-06-03 21:41:41 0 [Note] Starting MariaDB 10.4.32-MariaDB source revision c4143f909528e3fab0677a28631d10389354c491 as process 6912
2025-06-03 21:41:41 0 [Note] InnoDB: Mutexes and rw_locks use Windows interlocked functions
2025-06-03 21:41:41 0 [Note] InnoDB: Uses event mutexes
2025-06-03 21:41:41 0 [Note] InnoDB: Compressed tables use zlib 1.3
2025-06-03 21:41:41 0 [Note] InnoDB: Number of pools: 1
2025-06-03 21:41:41 0 [Note] InnoDB: Using SSE2 crc32 instructions
2025-06-03 21:41:41 0 [Note] InnoDB: Initializing buffer pool, total size = 16M, instances = 1, chunk size = 16M
2025-06-03 21:41:41 0 [Note] InnoDB: Completed initialization of buffer pool
2025-06-03 21:41:42 0 [Note] InnoDB: 128 out of 128 rollback segments are active.
2025-06-03 21:41:42 0 [Note] InnoDB: Creating shared tablespace for temporary tables
2025-06-03 21:41:42 0 [Note] InnoDB: Setting file 'C:\xampp\mysql\data\ibtmp1' size to 12 MB. Physically writing the file full; Please wait ...
2025-06-03 21:41:42 0 [Note] InnoDB: File 'C:\xampp\mysql\data\ibtmp1' size is now 12 MB.
2025-06-03 21:41:42 0 [Note] InnoDB: Waiting for purge to start
2025-06-03 21:41:42 0 [Note] InnoDB: 10.4.32 started; log sequence number 3598093; transaction id 5277
2025-06-03 21:41:42 0 [Note] InnoDB: Loading buffer pool(s) from C:\xampp\mysql\data\ib_buffer_pool
2025-06-03 21:41:42 0 [Note] Plugin 'FEEDBACK' is disabled.
2025-06-03 21:41:42 0 [Note] Server socket created on IP: '::'.
